2025-06-18 09:28:43.542 [main] INFO  [null] c.a.f.FileManagementApplication.logStarting - Starting FileManagementApplication using Java 21.0.6 with PID 24520 (C:\Users\10598925708\IdeaProjects\file-management-service\target\classes started by 10598925708 in C:\Users\10598925708\IdeaProjects\file-management-service)
2025-06-18 09:28:43.557 [main] INFO  [null] c.a.f.FileManagementApplication.logStartupProfileInfo - No active profile set, falling back to 1 default profile: "default"
2025-06-18 09:28:44.247 [main] INFO  [null] o.s.d.r.c.RepositoryConfigurationDelegate.registerRepositoriesIn - Bootstrapping Spring Data JPA repositories in DEFAULT mode.
2025-06-18 09:28:44.299 [main] INFO  [null] o.s.d.r.c.RepositoryConfigurationDelegate.registerRepositoriesIn - Finished Spring Data repository scanning in 40 ms. Found 1 JPA repository interface.
2025-06-18 09:28:44.864 [main] INFO  [null] o.s.b.w.e.tomcat.TomcatWebServer.initialize - Tomcat initialized with port 8090 (http)
2025-06-18 09:28:44.880 [main] INFO  [null] o.a.coyote.http11.Http11NioProtocol.log - Initializing ProtocolHandler ["http-nio-8090"]
2025-06-18 09:28:44.882 [main] INFO  [null] o.a.catalina.core.StandardService.log - Starting service [Tomcat]
2025-06-18 09:28:44.883 [main] INFO  [null] o.a.catalina.core.StandardEngine.log - Starting Servlet engine: [Apache Tomcat/10.1.41]
2025-06-18 09:28:44.939 [main] INFO  [null] o.a.c.c.C.[Tomcat].[localhost].[/].log - Initializing Spring embedded WebApplicationContext
2025-06-18 09:28:44.941 [main] INFO  [null] o.s.b.w.s.c.ServletWebServerApplicationContext.prepareWebApplicationContext - Root WebApplicationContext: initialization completed in 1311 ms
2025-06-18 09:28:45.182 [main] INFO  [null] o.h.jpa.internal.util.LogHelper.logPersistenceUnitInformation - HHH000204: Processing PersistenceUnitInfo [name: default]
2025-06-18 09:28:45.258 [main] INFO  [null] org.hibernate.Version.logVersion - HHH000412: Hibernate ORM core version 6.6.15.Final
2025-06-18 09:28:45.294 [main] INFO  [null] o.h.c.i.RegionFactoryInitiator.initiateService - HHH000026: Second-level cache disabled
2025-06-18 09:28:45.583 [main] INFO  [null] o.s.o.j.p.SpringPersistenceUnitInfo.addTransformer - No LoadTimeWeaver setup: ignoring JPA class transformer
2025-06-18 09:28:45.613 [main] INFO  [null] com.zaxxer.hikari.HikariDataSource.getConnection - HikariPool-1 - Starting...
2025-06-18 09:28:46.687 [main] WARN  [null] o.h.e.jdbc.spi.SqlExceptionHelper.logExceptions - SQL Error: 0, SQLState: 08001
2025-06-18 09:28:46.688 [main] ERROR [null] o.h.e.jdbc.spi.SqlExceptionHelper.logExceptions - Connection to localhost:5432 refused. Check that the hostname and port are correct and that the postmaster is accepting TCP/IP connections.
2025-06-18 09:28:46.690 [main] WARN  [null] o.h.e.j.e.i.JdbcEnvironmentInitiator.getJdbcEnvironmentUsingJdbcMetadata - HHH000342: Could not obtain connection to query metadata
org.hibernate.exception.JDBCConnectionException: unable to obtain isolated JDBC connection [Connection to localhost:5432 refused. Check that the hostname and port are correct and that the postmaster is accepting TCP/IP connections.] [n/a]
	at org.hibernate.exception.internal.SQLStateConversionDelegate.convert(SQLStateConversionDelegate.java:100)
	at org.hibernate.exception.internal.StandardSQLExceptionConverter.convert(StandardSQLExceptionConverter.java:58)
	at org.hibernate.engine.jdbc.spi.SqlExceptionHelper.convert(SqlExceptionHelper.java:108)
	at org.hibernate.engine.jdbc.spi.SqlExceptionHelper.convert(SqlExceptionHelper.java:94)
	at org.hibernate.resource.transaction.backend.jdbc.internal.JdbcIsolationDelegate.delegateWork(JdbcIsolationDelegate.java:116)
	at org.hibernate.engine.jdbc.env.internal.JdbcEnvironmentInitiator.getJdbcEnvironmentUsingJdbcMetadata(JdbcEnvironmentInitiator.java:336)
	at org.hibernate.engine.jdbc.env.internal.JdbcEnvironmentInitiator.initiateService(JdbcEnvironmentInitiator.java:129)
	at org.hibernate.engine.jdbc.env.internal.JdbcEnvironmentInitiator.initiateService(JdbcEnvironmentInitiator.java:81)
	at org.hibernate.boot.registry.internal.StandardServiceRegistryImpl.initiateService(StandardServiceRegistryImpl.java:130)
	at org.hibernate.service.internal.AbstractServiceRegistryImpl.createService(AbstractServiceRegistryImpl.java:263)
	at org.hibernate.service.internal.AbstractServiceRegistryImpl.initializeService(AbstractServiceRegistryImpl.java:238)
	at org.hibernate.service.internal.AbstractServiceRegistryImpl.getService(AbstractServiceRegistryImpl.java:215)
	at org.hibernate.boot.model.relational.Database.<init>(Database.java:45)
	at org.hibernate.boot.internal.InFlightMetadataCollectorImpl.getDatabase(InFlightMetadataCollectorImpl.java:226)
	at org.hibernate.boot.internal.InFlightMetadataCollectorImpl.<init>(InFlightMetadataCollectorImpl.java:194)
	at org.hibernate.boot.model.process.spi.MetadataBuildingProcess.complete(MetadataBuildingProcess.java:171)
	at org.hibernate.jpa.boot.internal.EntityManagerFactoryBuilderImpl.metadata(EntityManagerFactoryBuilderImpl.java:1442)
	at org.hibernate.jpa.boot.internal.EntityManagerFactoryBuilderImpl.build(EntityManagerFactoryBuilderImpl.java:1513)
	at org.springframework.orm.jpa.vendor.SpringHibernateJpaPersistenceProvider.createContainerEntityManagerFactory(SpringHibernateJpaPersistenceProvider.java:66)
	at org.springframework.orm.jpa.LocalContainerEntityManagerFactoryBean.createNativeEntityManagerFactory(LocalContainerEntityManagerFactoryBean.java:390)
	at org.springframework.orm.jpa.AbstractEntityManagerFactoryBean.buildNativeEntityManagerFactory(AbstractEntityManagerFactoryBean.java:419)
	at org.springframework.orm.jpa.AbstractEntityManagerFactoryBean.afterPropertiesSet(AbstractEntityManagerFactoryBean.java:400)
	at org.springframework.orm.jpa.LocalContainerEntityManagerFactoryBean.afterPropertiesSet(LocalContainerEntityManagerFactoryBean.java:366)
	at org.springframework.beans.factory.support.AbstractAutowireCapableBeanFactory.invokeInitMethods(AbstractAutowireCapableBeanFactory.java:1873)
	at org.springframework.beans.factory.support.AbstractAutowireCapableBeanFactory.initializeBean(AbstractAutowireCapableBeanFactory.java:1822)
	at org.springframework.beans.factory.support.AbstractAutowireCapableBeanFactory.doCreateBean(AbstractAutowireCapableBeanFactory.java:607)
	at org.springframework.beans.factory.support.AbstractAutowireCapableBeanFactory.createBean(AbstractAutowireCapableBeanFactory.java:529)
	at org.springframework.beans.factory.support.AbstractBeanFactory.lambda$doGetBean$0(AbstractBeanFactory.java:339)
	at org.springframework.beans.factory.support.DefaultSingletonBeanRegistry.getSingleton(DefaultSingletonBeanRegistry.java:373)
	at org.springframework.beans.factory.support.AbstractBeanFactory.doGetBean(AbstractBeanFactory.java:337)
	at org.springframework.beans.factory.support.AbstractBeanFactory.getBean(AbstractBeanFactory.java:207)
	at org.springframework.context.support.AbstractApplicationContext.finishBeanFactoryInitialization(AbstractApplicationContext.java:970)
	at org.springframework.context.support.AbstractApplicationContext.refresh(AbstractApplicationContext.java:627)
	at org.springframework.boot.web.servlet.context.ServletWebServerApplicationContext.refresh(ServletWebServerApplicationContext.java:146)
	at org.springframework.boot.SpringApplication.refresh(SpringApplication.java:753)
	at org.springframework.boot.SpringApplication.refreshContext(SpringApplication.java:439)
	at org.springframework.boot.SpringApplication.run(SpringApplication.java:318)
	at org.springframework.boot.SpringApplication.run(SpringApplication.java:1362)
	at org.springframework.boot.SpringApplication.run(SpringApplication.java:1351)
	at com.azvtech.file_management.FileManagementApplication.main(FileManagementApplication.java:17)
Caused by: org.postgresql.util.PSQLException: Connection to localhost:5432 refused. Check that the hostname and port are correct and that the postmaster is accepting TCP/IP connections.
	at org.postgresql.core.v3.ConnectionFactoryImpl.openConnectionImpl(ConnectionFactoryImpl.java:352)
	at org.postgresql.core.ConnectionFactory.openConnection(ConnectionFactory.java:54)
	at org.postgresql.jdbc.PgConnection.<init>(PgConnection.java:273)
	at org.postgresql.Driver.makeConnection(Driver.java:446)
	at org.postgresql.Driver.connect(Driver.java:298)
	at com.zaxxer.hikari.util.DriverDataSource.getConnection(DriverDataSource.java:139)
	at com.zaxxer.hikari.pool.PoolBase.newConnection(PoolBase.java:368)
	at com.zaxxer.hikari.pool.PoolBase.newPoolEntry(PoolBase.java:205)
	at com.zaxxer.hikari.pool.HikariPool.createPoolEntry(HikariPool.java:483)
	at com.zaxxer.hikari.pool.HikariPool.checkFailFast(HikariPool.java:571)
	at com.zaxxer.hikari.pool.HikariPool.<init>(HikariPool.java:101)
	at com.zaxxer.hikari.HikariDataSource.getConnection(HikariDataSource.java:111)
	at org.hibernate.engine.jdbc.connections.internal.DatasourceConnectionProviderImpl.getConnection(DatasourceConnectionProviderImpl.java:126)
	at org.hibernate.engine.jdbc.env.internal.JdbcEnvironmentInitiator$ConnectionProviderJdbcConnectionAccess.obtainConnection(JdbcEnvironmentInitiator.java:483)
	at org.hibernate.resource.transaction.backend.jdbc.internal.JdbcIsolationDelegate.delegateWork(JdbcIsolationDelegate.java:61)
	... 35 common frames omitted
Caused by: java.net.ConnectException: Connection refused: getsockopt
	at java.base/sun.nio.ch.Net.pollConnect(Native Method)
	at java.base/sun.nio.ch.Net.pollConnectNow(Net.java:682)
	at java.base/sun.nio.ch.NioSocketImpl.timedFinishConnect(NioSocketImpl.java:542)
	at java.base/sun.nio.ch.NioSocketImpl.connect(NioSocketImpl.java:592)
	at java.base/java.net.SocksSocketImpl.connect(SocksSocketImpl.java:327)
	at java.base/java.net.Socket.connect(Socket.java:751)
	at org.postgresql.core.PGStream.createSocket(PGStream.java:260)
	at org.postgresql.core.PGStream.<init>(PGStream.java:121)
	at org.postgresql.core.v3.ConnectionFactoryImpl.tryConnect(ConnectionFactoryImpl.java:140)
	at org.postgresql.core.v3.ConnectionFactoryImpl.openConnectionImpl(ConnectionFactoryImpl.java:268)
	... 49 common frames omitted
2025-06-18 09:28:46.710 [main] WARN  [null] org.hibernate.orm.deprecation.constructDialect - HHH90000025: PostgreSQLDialect does not need to be specified explicitly using 'hibernate.dialect' (remove the property setting and it will be selected by default)
2025-06-18 09:28:46.718 [main] INFO  [null] o.hibernate.orm.connections.pooling.logConnectionInfo - HHH10001005: Database info:
	Database JDBC URL [Connecting through datasource 'HikariDataSource (null)']
	Database driver: undefined/unknown
	Database version: 12.0
	Autocommit mode: undefined/unknown
	Isolation level: undefined/unknown
	Minimum pool size: undefined/unknown
	Maximum pool size: undefined/unknown
2025-06-18 09:28:47.357 [main] INFO  [null] o.h.e.t.j.p.i.JtaPlatformInitiator.initiateService - HHH000489: No JTA platform available (set 'hibernate.transaction.jta.platform' to enable JTA platform integration)
2025-06-18 09:28:47.376 [main] INFO  [null] com.zaxxer.hikari.HikariDataSource.getConnection - HikariPool-1 - Starting...
2025-06-18 09:28:48.378 [main] WARN  [null] o.h.e.jdbc.spi.SqlExceptionHelper.logExceptions - SQL Error: 0, SQLState: 08001
2025-06-18 09:28:48.378 [main] ERROR [null] o.h.e.jdbc.spi.SqlExceptionHelper.logExceptions - Connection to localhost:5432 refused. Check that the hostname and port are correct and that the postmaster is accepting TCP/IP connections.
2025-06-18 09:28:48.383 [main] ERROR [null] o.s.o.j.LocalContainerEntityManagerFactoryBean.buildNativeEntityManagerFactory - Failed to initialize JPA EntityManagerFactory: [PersistenceUnit: default] Unable to build Hibernate SessionFactory; nested exception is org.hibernate.exception.JDBCConnectionException: Unable to open JDBC Connection for DDL execution [Connection to localhost:5432 refused. Check that the hostname and port are correct and that the postmaster is accepting TCP/IP connections.] [n/a]
2025-06-18 09:28:48.384 [main] WARN  [null] o.s.b.w.s.c.AnnotationConfigServletWebServerApplicationContext.refresh - Exception encountered during context initialization - cancelling refresh attempt: org.springframework.beans.factory.BeanCreationException: Error creating bean with name 'entityManagerFactory' defined in class path resource [org/springframework/boot/autoconfigure/orm/jpa/HibernateJpaConfiguration.class]: [PersistenceUnit: default] Unable to build Hibernate SessionFactory; nested exception is org.hibernate.exception.JDBCConnectionException: Unable to open JDBC Connection for DDL execution [Connection to localhost:5432 refused. Check that the hostname and port are correct and that the postmaster is accepting TCP/IP connections.] [n/a]
2025-06-18 09:28:48.386 [main] INFO  [null] o.a.catalina.core.StandardService.log - Stopping service [Tomcat]
2025-06-18 09:28:48.398 [main] INFO  [null] o.s.b.a.l.ConditionEvaluationReportLogger.logMessage - 

Error starting ApplicationContext. To display the condition evaluation report re-run your application with 'debug' enabled.
2025-06-18 09:28:48.411 [main] ERROR [null] o.s.boot.SpringApplication.reportFailure - Application run failed
org.springframework.beans.factory.BeanCreationException: Error creating bean with name 'entityManagerFactory' defined in class path resource [org/springframework/boot/autoconfigure/orm/jpa/HibernateJpaConfiguration.class]: [PersistenceUnit: default] Unable to build Hibernate SessionFactory; nested exception is org.hibernate.exception.JDBCConnectionException: Unable to open JDBC Connection for DDL execution [Connection to localhost:5432 refused. Check that the hostname and port are correct and that the postmaster is accepting TCP/IP connections.] [n/a]
	at org.springframework.beans.factory.support.AbstractAutowireCapableBeanFactory.initializeBean(AbstractAutowireCapableBeanFactory.java:1826)
	at org.springframework.beans.factory.support.AbstractAutowireCapableBeanFactory.doCreateBean(AbstractAutowireCapableBeanFactory.java:607)
	at org.springframework.beans.factory.support.AbstractAutowireCapableBeanFactory.createBean(AbstractAutowireCapableBeanFactory.java:529)
	at org.springframework.beans.factory.support.AbstractBeanFactory.lambda$doGetBean$0(AbstractBeanFactory.java:339)
	at org.springframework.beans.factory.support.DefaultSingletonBeanRegistry.getSingleton(DefaultSingletonBeanRegistry.java:373)
	at org.springframework.beans.factory.support.AbstractBeanFactory.doGetBean(AbstractBeanFactory.java:337)
	at org.springframework.beans.factory.support.AbstractBeanFactory.getBean(AbstractBeanFactory.java:207)
	at org.springframework.context.support.AbstractApplicationContext.finishBeanFactoryInitialization(AbstractApplicationContext.java:970)
	at org.springframework.context.support.AbstractApplicationContext.refresh(AbstractApplicationContext.java:627)
	at org.springframework.boot.web.servlet.context.ServletWebServerApplicationContext.refresh(ServletWebServerApplicationContext.java:146)
	at org.springframework.boot.SpringApplication.refresh(SpringApplication.java:753)
	at org.springframework.boot.SpringApplication.refreshContext(SpringApplication.java:439)
	at org.springframework.boot.SpringApplication.run(SpringApplication.java:318)
	at org.springframework.boot.SpringApplication.run(SpringApplication.java:1362)
	at org.springframework.boot.SpringApplication.run(SpringApplication.java:1351)
	at com.azvtech.file_management.FileManagementApplication.main(FileManagementApplication.java:17)
Caused by: jakarta.persistence.PersistenceException: [PersistenceUnit: default] Unable to build Hibernate SessionFactory; nested exception is org.hibernate.exception.JDBCConnectionException: Unable to open JDBC Connection for DDL execution [Connection to localhost:5432 refused. Check that the hostname and port are correct and that the postmaster is accepting TCP/IP connections.] [n/a]
	at org.springframework.orm.jpa.AbstractEntityManagerFactoryBean.buildNativeEntityManagerFactory(AbstractEntityManagerFactoryBean.java:431)
	at org.springframework.orm.jpa.AbstractEntityManagerFactoryBean.afterPropertiesSet(AbstractEntityManagerFactoryBean.java:400)
	at org.springframework.orm.jpa.LocalContainerEntityManagerFactoryBean.afterPropertiesSet(LocalContainerEntityManagerFactoryBean.java:366)
	at org.springframework.beans.factory.support.AbstractAutowireCapableBeanFactory.invokeInitMethods(AbstractAutowireCapableBeanFactory.java:1873)
	at org.springframework.beans.factory.support.AbstractAutowireCapableBeanFactory.initializeBean(AbstractAutowireCapableBeanFactory.java:1822)
	... 15 common frames omitted
Caused by: org.hibernate.exception.JDBCConnectionException: Unable to open JDBC Connection for DDL execution [Connection to localhost:5432 refused. Check that the hostname and port are correct and that the postmaster is accepting TCP/IP connections.] [n/a]
	at org.hibernate.exception.internal.SQLStateConversionDelegate.convert(SQLStateConversionDelegate.java:100)
	at org.hibernate.exception.internal.StandardSQLExceptionConverter.convert(StandardSQLExceptionConverter.java:58)
	at org.hibernate.engine.jdbc.spi.SqlExceptionHelper.convert(SqlExceptionHelper.java:108)
	at org.hibernate.engine.jdbc.spi.SqlExceptionHelper.convert(SqlExceptionHelper.java:94)
	at org.hibernate.resource.transaction.backend.jdbc.internal.DdlTransactionIsolatorNonJtaImpl.getIsolatedConnection(DdlTransactionIsolatorNonJtaImpl.java:74)
	at org.hibernate.tool.schema.internal.exec.GenerationTargetToDatabase.getIsolatedConnection(GenerationTargetToDatabase.java:60)
	at org.hibernate.tool.schema.internal.exec.GenerationTargetToDatabase.jdbcStatement(GenerationTargetToDatabase.java:112)
	at org.hibernate.tool.schema.internal.exec.GenerationTargetToDatabase.accept(GenerationTargetToDatabase.java:79)
	at org.hibernate.tool.schema.internal.Helper.applySqlString(Helper.java:233)
	at org.hibernate.tool.schema.internal.SchemaDropperImpl.dropFromMetadata(SchemaDropperImpl.java:213)
	at org.hibernate.tool.schema.internal.SchemaDropperImpl.performDrop(SchemaDropperImpl.java:186)
	at org.hibernate.tool.schema.internal.SchemaDropperImpl.doDrop(SchemaDropperImpl.java:156)
	at org.hibernate.tool.schema.internal.SchemaDropperImpl.doDrop(SchemaDropperImpl.java:116)
	at org.hibernate.tool.schema.spi.SchemaManagementToolCoordinator.performDatabaseAction(SchemaManagementToolCoordinator.java:238)
	at org.hibernate.tool.schema.spi.SchemaManagementToolCoordinator.lambda$process$5(SchemaManagementToolCoordinator.java:144)
	at java.base/java.util.HashMap.forEach(HashMap.java:1429)
	at org.hibernate.tool.schema.spi.SchemaManagementToolCoordinator.process(SchemaManagementToolCoordinator.java:141)
	at org.hibernate.boot.internal.SessionFactoryObserverForSchemaExport.sessionFactoryCreated(SessionFactoryObserverForSchemaExport.java:37)
	at org.hibernate.internal.SessionFactoryObserverChain.sessionFactoryCreated(SessionFactoryObserverChain.java:35)
	at org.hibernate.internal.SessionFactoryImpl.<init>(SessionFactoryImpl.java:324)
	at org.hibernate.boot.internal.SessionFactoryBuilderImpl.build(SessionFactoryBuilderImpl.java:463)
	at org.hibernate.jpa.boot.internal.EntityManagerFactoryBuilderImpl.build(EntityManagerFactoryBuilderImpl.java:1517)
	at org.springframework.orm.jpa.vendor.SpringHibernateJpaPersistenceProvider.createContainerEntityManagerFactory(SpringHibernateJpaPersistenceProvider.java:66)
	at org.springframework.orm.jpa.LocalContainerEntityManagerFactoryBean.createNativeEntityManagerFactory(LocalContainerEntityManagerFactoryBean.java:390)
	at org.springframework.orm.jpa.AbstractEntityManagerFactoryBean.buildNativeEntityManagerFactory(AbstractEntityManagerFactoryBean.java:419)
	... 19 common frames omitted
Caused by: org.postgresql.util.PSQLException: Connection to localhost:5432 refused. Check that the hostname and port are correct and that the postmaster is accepting TCP/IP connections.
	at org.postgresql.core.v3.ConnectionFactoryImpl.openConnectionImpl(ConnectionFactoryImpl.java:352)
	at org.postgresql.core.ConnectionFactory.openConnection(ConnectionFactory.java:54)
	at org.postgresql.jdbc.PgConnection.<init>(PgConnection.java:273)
	at org.postgresql.Driver.makeConnection(Driver.java:446)
	at org.postgresql.Driver.connect(Driver.java:298)
	at com.zaxxer.hikari.util.DriverDataSource.getConnection(DriverDataSource.java:139)
	at com.zaxxer.hikari.pool.PoolBase.newConnection(PoolBase.java:368)
	at com.zaxxer.hikari.pool.PoolBase.newPoolEntry(PoolBase.java:205)
	at com.zaxxer.hikari.pool.HikariPool.createPoolEntry(HikariPool.java:483)
	at com.zaxxer.hikari.pool.HikariPool.checkFailFast(HikariPool.java:571)
	at com.zaxxer.hikari.pool.HikariPool.<init>(HikariPool.java:101)
	at com.zaxxer.hikari.HikariDataSource.getConnection(HikariDataSource.java:111)
	at org.hibernate.engine.jdbc.connections.internal.DatasourceConnectionProviderImpl.getConnection(DatasourceConnectionProviderImpl.java:126)
	at org.hibernate.engine.jdbc.env.internal.JdbcEnvironmentInitiator$ConnectionProviderJdbcConnectionAccess.obtainConnection(JdbcEnvironmentInitiator.java:483)
	at org.hibernate.resource.transaction.backend.jdbc.internal.DdlTransactionIsolatorNonJtaImpl.getIsolatedConnection(DdlTransactionIsolatorNonJtaImpl.java:46)
	... 39 common frames omitted
Caused by: java.net.ConnectException: Connection refused: getsockopt
	at java.base/sun.nio.ch.Net.pollConnect(Native Method)
	at java.base/sun.nio.ch.Net.pollConnectNow(Net.java:682)
	at java.base/sun.nio.ch.NioSocketImpl.timedFinishConnect(NioSocketImpl.java:542)
	at java.base/sun.nio.ch.NioSocketImpl.connect(NioSocketImpl.java:592)
	at java.base/java.net.SocksSocketImpl.connect(SocksSocketImpl.java:327)
	at java.base/java.net.Socket.connect(Socket.java:751)
	at org.postgresql.core.PGStream.createSocket(PGStream.java:260)
	at org.postgresql.core.PGStream.<init>(PGStream.java:121)
	at org.postgresql.core.v3.ConnectionFactoryImpl.tryConnect(ConnectionFactoryImpl.java:140)
	at org.postgresql.core.v3.ConnectionFactoryImpl.openConnectionImpl(ConnectionFactoryImpl.java:268)
	... 53 common frames omitted
2025-06-18 09:34:49.906 [main] INFO  [null] c.a.f.FileManagementApplication.logStarting - Starting FileManagementApplication using Java 21.0.6 with PID 23216 (C:\Users\10598925708\IdeaProjects\file-management-service\target\classes started by 10598925708 in C:\Users\10598925708\IdeaProjects\file-management-service)
2025-06-18 09:34:49.914 [main] INFO  [null] c.a.f.FileManagementApplication.logStartupProfileInfo - No active profile set, falling back to 1 default profile: "default"
2025-06-18 09:34:50.841 [main] INFO  [null] o.s.d.r.c.RepositoryConfigurationDelegate.registerRepositoriesIn - Bootstrapping Spring Data JPA repositories in DEFAULT mode.
2025-06-18 09:34:50.915 [main] INFO  [null] o.s.d.r.c.RepositoryConfigurationDelegate.registerRepositoriesIn - Finished Spring Data repository scanning in 65 ms. Found 1 JPA repository interface.
2025-06-18 09:34:51.710 [main] INFO  [null] o.s.b.w.e.tomcat.TomcatWebServer.initialize - Tomcat initialized with port 8090 (http)
2025-06-18 09:34:51.728 [main] INFO  [null] o.a.coyote.http11.Http11NioProtocol.log - Initializing ProtocolHandler ["http-nio-8090"]
2025-06-18 09:34:51.734 [main] INFO  [null] o.a.catalina.core.StandardService.log - Starting service [Tomcat]
2025-06-18 09:34:51.735 [main] INFO  [null] o.a.catalina.core.StandardEngine.log - Starting Servlet engine: [Apache Tomcat/10.1.41]
2025-06-18 09:34:51.802 [main] INFO  [null] o.a.c.c.C.[Tomcat].[localhost].[/].log - Initializing Spring embedded WebApplicationContext
2025-06-18 09:34:51.803 [main] INFO  [null] o.s.b.w.s.c.ServletWebServerApplicationContext.prepareWebApplicationContext - Root WebApplicationContext: initialization completed in 1786 ms
2025-06-18 09:34:52.075 [main] INFO  [null] o.h.jpa.internal.util.LogHelper.logPersistenceUnitInformation - HHH000204: Processing PersistenceUnitInfo [name: default]
2025-06-18 09:34:52.132 [main] INFO  [null] org.hibernate.Version.logVersion - HHH000412: Hibernate ORM core version 6.6.15.Final
2025-06-18 09:34:52.161 [main] INFO  [null] o.h.c.i.RegionFactoryInitiator.initiateService - HHH000026: Second-level cache disabled
2025-06-18 09:34:52.455 [main] INFO  [null] o.s.o.j.p.SpringPersistenceUnitInfo.addTransformer - No LoadTimeWeaver setup: ignoring JPA class transformer
2025-06-18 09:34:52.487 [main] INFO  [null] com.zaxxer.hikari.HikariDataSource.getConnection - HikariPool-1 - Starting...
2025-06-18 09:34:52.839 [main] INFO  [null] com.zaxxer.hikari.pool.HikariPool.checkFailFast - HikariPool-1 - Added connection org.postgresql.jdbc.PgConnection@39851c5
2025-06-18 09:34:52.841 [main] INFO  [null] com.zaxxer.hikari.HikariDataSource.getConnection - HikariPool-1 - Start completed.
2025-06-18 09:34:52.898 [main] WARN  [null] org.hibernate.orm.deprecation.constructDialect - HHH90000025: PostgreSQLDialect does not need to be specified explicitly using 'hibernate.dialect' (remove the property setting and it will be selected by default)
2025-06-18 09:34:52.916 [main] INFO  [null] o.hibernate.orm.connections.pooling.logConnectionInfo - HHH10001005: Database info:
	Database JDBC URL [Connecting through datasource 'HikariDataSource (HikariPool-1)']
	Database driver: undefined/unknown
	Database version: 17.4
	Autocommit mode: undefined/unknown
	Isolation level: undefined/unknown
	Minimum pool size: undefined/unknown
	Maximum pool size: undefined/unknown
2025-06-18 09:34:53.648 [main] INFO  [null] o.h.e.t.j.p.i.JtaPlatformInitiator.initiateService - HHH000489: No JTA platform available (set 'hibernate.transaction.jta.platform' to enable JTA platform integration)
2025-06-18 09:34:53.706 [main] INFO  [null] o.s.o.j.LocalContainerEntityManagerFactoryBean.buildNativeEntityManagerFactory - Initialized JPA EntityManagerFactory for persistence unit 'default'
2025-06-18 09:34:54.118 [main] WARN  [null] o.s.b.a.o.j.JpaBaseConfiguration$JpaWebConfiguration.openEntityManagerInViewInterceptor - spring.jpa.open-in-view is enabled by default. Therefore, database queries may be performed during view rendering. Explicitly configure spring.jpa.open-in-view to disable this warning
2025-06-18 09:34:54.690 [main] INFO  [null] o.a.coyote.http11.Http11NioProtocol.log - Starting ProtocolHandler ["http-nio-8090"]
2025-06-18 09:34:54.714 [main] INFO  [null] o.s.b.w.e.tomcat.TomcatWebServer.start - Tomcat started on port 8090 (http) with context path '/'
2025-06-18 09:34:54.721 [main] INFO  [null] c.a.f.FileManagementApplication.logStarted - Started FileManagementApplication in 5.578 seconds (process running for 6.413)
2025-06-18 09:36:03.970 [SpringApplicationShutdownHook] INFO  [null] o.s.b.w.e.tomcat.GracefulShutdown.shutDownGracefully - Commencing graceful shutdown. Waiting for active requests to complete
2025-06-18 09:36:03.978 [tomcat-shutdown] INFO  [null] o.s.b.w.e.tomcat.GracefulShutdown.doShutdown - Graceful shutdown complete
2025-06-18 09:36:03.983 [SpringApplicationShutdownHook] INFO  [null] o.s.o.j.LocalContainerEntityManagerFactoryBean.destroy - Closing JPA EntityManagerFactory for persistence unit 'default'
2025-06-18 09:36:04.011 [SpringApplicationShutdownHook] INFO  [null] com.zaxxer.hikari.HikariDataSource.close - HikariPool-1 - Shutdown initiated...
2025-06-18 09:36:04.016 [SpringApplicationShutdownHook] INFO  [null] com.zaxxer.hikari.HikariDataSource.close - HikariPool-1 - Shutdown completed.
2025-06-18 09:36:07.090 [main] INFO  [null] c.a.f.FileManagementApplication.logStarting - Starting FileManagementApplication using Java 21.0.6 with PID 21500 (C:\Users\10598925708\IdeaProjects\file-management-service\target\classes started by 10598925708 in C:\Users\10598925708\IdeaProjects\file-management-service)
2025-06-18 09:36:07.097 [main] INFO  [null] c.a.f.FileManagementApplication.logStartupProfileInfo - No active profile set, falling back to 1 default profile: "default"
2025-06-18 09:36:07.977 [main] INFO  [null] o.s.d.r.c.RepositoryConfigurationDelegate.registerRepositoriesIn - Bootstrapping Spring Data JPA repositories in DEFAULT mode.
2025-06-18 09:36:08.021 [main] INFO  [null] o.s.d.r.c.RepositoryConfigurationDelegate.registerRepositoriesIn - Finished Spring Data repository scanning in 35 ms. Found 1 JPA repository interface.
2025-06-18 09:36:08.605 [main] INFO  [null] o.s.b.w.e.tomcat.TomcatWebServer.initialize - Tomcat initialized with port 8090 (http)
2025-06-18 09:36:08.621 [main] INFO  [null] o.a.coyote.http11.Http11NioProtocol.log - Initializing ProtocolHandler ["http-nio-8090"]
2025-06-18 09:36:08.627 [main] INFO  [null] o.a.catalina.core.StandardService.log - Starting service [Tomcat]
2025-06-18 09:36:08.628 [main] INFO  [null] o.a.catalina.core.StandardEngine.log - Starting Servlet engine: [Apache Tomcat/10.1.41]
2025-06-18 09:36:08.691 [main] INFO  [null] o.a.c.c.C.[Tomcat].[localhost].[/].log - Initializing Spring embedded WebApplicationContext
2025-06-18 09:36:08.693 [main] INFO  [null] o.s.b.w.s.c.ServletWebServerApplicationContext.prepareWebApplicationContext - Root WebApplicationContext: initialization completed in 1499 ms
2025-06-18 09:36:08.914 [main] INFO  [null] o.h.jpa.internal.util.LogHelper.logPersistenceUnitInformation - HHH000204: Processing PersistenceUnitInfo [name: default]
2025-06-18 09:36:08.989 [main] INFO  [null] org.hibernate.Version.logVersion - HHH000412: Hibernate ORM core version 6.6.15.Final
2025-06-18 09:36:09.027 [main] INFO  [null] o.h.c.i.RegionFactoryInitiator.initiateService - HHH000026: Second-level cache disabled
2025-06-18 09:36:09.307 [main] INFO  [null] o.s.o.j.p.SpringPersistenceUnitInfo.addTransformer - No LoadTimeWeaver setup: ignoring JPA class transformer
2025-06-18 09:36:09.337 [main] INFO  [null] com.zaxxer.hikari.HikariDataSource.getConnection - HikariPool-1 - Starting...
2025-06-18 09:36:09.577 [main] INFO  [null] com.zaxxer.hikari.pool.HikariPool.checkFailFast - HikariPool-1 - Added connection org.postgresql.jdbc.PgConnection@39851c5
2025-06-18 09:36:09.579 [main] INFO  [null] com.zaxxer.hikari.HikariDataSource.getConnection - HikariPool-1 - Start completed.
2025-06-18 09:36:09.617 [main] WARN  [null] org.hibernate.orm.deprecation.constructDialect - HHH90000025: PostgreSQLDialect does not need to be specified explicitly using 'hibernate.dialect' (remove the property setting and it will be selected by default)
2025-06-18 09:36:09.635 [main] INFO  [null] o.hibernate.orm.connections.pooling.logConnectionInfo - HHH10001005: Database info:
	Database JDBC URL [Connecting through datasource 'HikariDataSource (HikariPool-1)']
	Database driver: undefined/unknown
	Database version: 17.4
	Autocommit mode: undefined/unknown
	Isolation level: undefined/unknown
	Minimum pool size: undefined/unknown
	Maximum pool size: undefined/unknown
2025-06-18 09:36:10.310 [main] INFO  [null] o.h.e.t.j.p.i.JtaPlatformInitiator.initiateService - HHH000489: No JTA platform available (set 'hibernate.transaction.jta.platform' to enable JTA platform integration)
2025-06-18 09:36:10.361 [main] INFO  [null] o.s.o.j.LocalContainerEntityManagerFactoryBean.buildNativeEntityManagerFactory - Initialized JPA EntityManagerFactory for persistence unit 'default'
2025-06-18 09:36:11.215 [main] INFO  [null] o.a.coyote.http11.Http11NioProtocol.log - Starting ProtocolHandler ["http-nio-8090"]
2025-06-18 09:36:11.251 [main] INFO  [null] o.s.b.w.e.tomcat.TomcatWebServer.start - Tomcat started on port 8090 (http) with context path '/'
2025-06-18 09:36:11.259 [main] INFO  [null] c.a.f.FileManagementApplication.logStarted - Started FileManagementApplication in 4.912 seconds (process running for 5.543)
2025-06-18 09:41:47.022 [http-nio-8090-exec-1] INFO  [null] o.a.c.c.C.[Tomcat].[localhost].[/].log - Initializing Spring DispatcherServlet 'dispatcherServlet'
2025-06-18 09:41:47.028 [http-nio-8090-exec-1] INFO  [null] o.s.web.servlet.DispatcherServlet.initServletBean - Initializing Servlet 'dispatcherServlet'
2025-06-18 09:41:47.087 [http-nio-8090-exec-1] INFO  [null] o.s.web.servlet.DispatcherServlet.initServletBean - Completed initialization in 48 ms
2025-06-18 11:09:57.445 [SpringApplicationShutdownHook] INFO  [null] o.s.b.w.e.tomcat.GracefulShutdown.shutDownGracefully - Commencing graceful shutdown. Waiting for active requests to complete
2025-06-18 11:09:57.551 [tomcat-shutdown] INFO  [null] o.s.b.w.e.tomcat.GracefulShutdown.doShutdown - Graceful shutdown complete
2025-06-18 11:09:57.621 [SpringApplicationShutdownHook] INFO  [null] o.s.o.j.LocalContainerEntityManagerFactoryBean.destroy - Closing JPA EntityManagerFactory for persistence unit 'default'
2025-06-18 11:09:57.791 [SpringApplicationShutdownHook] INFO  [null] com.zaxxer.hikari.HikariDataSource.close - HikariPool-1 - Shutdown initiated...
2025-06-18 11:09:57.838 [SpringApplicationShutdownHook] INFO  [null] com.zaxxer.hikari.HikariDataSource.close - HikariPool-1 - Shutdown completed.
2025-06-18 11:10:03.162 [main] INFO  [null] c.a.f.FileManagementApplication.logStarting - Starting FileManagementApplication using Java 21.0.6 with PID 21696 (C:\Users\10598925708\IdeaProjects\file-management-service\target\classes started by 10598925708 in C:\Users\10598925708\IdeaProjects\file-management-service)
2025-06-18 11:10:03.166 [main] INFO  [null] c.a.f.FileManagementApplication.logStartupProfileInfo - No active profile set, falling back to 1 default profile: "default"
2025-06-18 11:10:03.831 [main] INFO  [null] o.s.d.r.c.RepositoryConfigurationDelegate.registerRepositoriesIn - Bootstrapping Spring Data JPA repositories in DEFAULT mode.
2025-06-18 11:10:03.877 [main] INFO  [null] o.s.d.r.c.RepositoryConfigurationDelegate.registerRepositoriesIn - Finished Spring Data repository scanning in 37 ms. Found 1 JPA repository interface.
2025-06-18 11:10:04.392 [main] INFO  [null] o.s.b.w.e.tomcat.TomcatWebServer.initialize - Tomcat initialized with port 8090 (http)
2025-06-18 11:10:04.404 [main] INFO  [null] o.a.coyote.http11.Http11NioProtocol.log - Initializing ProtocolHandler ["http-nio-8090"]
2025-06-18 11:10:04.406 [main] INFO  [null] o.a.catalina.core.StandardService.log - Starting service [Tomcat]
2025-06-18 11:10:04.406 [main] INFO  [null] o.a.catalina.core.StandardEngine.log - Starting Servlet engine: [Apache Tomcat/10.1.41]
2025-06-18 11:10:04.459 [main] INFO  [null] o.a.c.c.C.[Tomcat].[localhost].[/].log - Initializing Spring embedded WebApplicationContext
2025-06-18 11:10:04.460 [main] INFO  [null] o.s.b.w.s.c.ServletWebServerApplicationContext.prepareWebApplicationContext - Root WebApplicationContext: initialization completed in 1227 ms
2025-06-18 11:10:04.681 [main] INFO  [null] o.h.jpa.internal.util.LogHelper.logPersistenceUnitInformation - HHH000204: Processing PersistenceUnitInfo [name: default]
2025-06-18 11:10:04.739 [main] INFO  [null] org.hibernate.Version.logVersion - HHH000412: Hibernate ORM core version 6.6.15.Final
2025-06-18 11:10:04.769 [main] INFO  [null] o.h.c.i.RegionFactoryInitiator.initiateService - HHH000026: Second-level cache disabled
2025-06-18 11:10:05.024 [main] INFO  [null] o.s.o.j.p.SpringPersistenceUnitInfo.addTransformer - No LoadTimeWeaver setup: ignoring JPA class transformer
2025-06-18 11:10:05.052 [main] INFO  [null] com.zaxxer.hikari.HikariDataSource.getConnection - HikariPool-1 - Starting...
2025-06-18 11:10:05.362 [main] INFO  [null] com.zaxxer.hikari.pool.HikariPool.checkFailFast - HikariPool-1 - Added connection org.postgresql.jdbc.PgConnection@182cc69e
2025-06-18 11:10:05.364 [main] INFO  [null] com.zaxxer.hikari.HikariDataSource.getConnection - HikariPool-1 - Start completed.
2025-06-18 11:10:05.423 [main] WARN  [null] org.hibernate.orm.deprecation.constructDialect - HHH90000025: PostgreSQLDialect does not need to be specified explicitly using 'hibernate.dialect' (remove the property setting and it will be selected by default)
2025-06-18 11:10:05.439 [main] INFO  [null] o.hibernate.orm.connections.pooling.logConnectionInfo - HHH10001005: Database info:
	Database JDBC URL [Connecting through datasource 'HikariDataSource (HikariPool-1)']
	Database driver: undefined/unknown
	Database version: 17.4
	Autocommit mode: undefined/unknown
	Isolation level: undefined/unknown
	Minimum pool size: undefined/unknown
	Maximum pool size: undefined/unknown
2025-06-18 11:10:06.179 [main] INFO  [null] o.h.e.t.j.p.i.JtaPlatformInitiator.initiateService - HHH000489: No JTA platform available (set 'hibernate.transaction.jta.platform' to enable JTA platform integration)
2025-06-18 11:10:06.292 [main] INFO  [null] o.s.o.j.LocalContainerEntityManagerFactoryBean.buildNativeEntityManagerFactory - Initialized JPA EntityManagerFactory for persistence unit 'default'
2025-06-18 11:10:06.614 [main] WARN  [null] o.s.b.w.s.c.AnnotationConfigServletWebServerApplicationContext.refresh - Exception encountered during context initialization - cancelling refresh attempt: org.springframework.beans.factory.UnsatisfiedDependencyException: Error creating bean with name 'fileUploadController' defined in file [C:\Users\10598925708\IdeaProjects\file-management-service\target\classes\com\azvtech\file_management\controller\FileUploadController.class]: Unsatisfied dependency expressed through constructor parameter 0: Error creating bean with name 'fileSystemStorageService' defined in file [C:\Users\10598925708\IdeaProjects\file-management-service\target\classes\com\azvtech\file_management\storage\FileSystemStorageService.class]: Unsatisfied dependency expressed through constructor parameter 3: Error creating bean with name 'fileMetadataRepository' defined in com.azvtech.file_management.repository.FileMetadataRepository defined in @EnableJpaRepositories declared on JpaRepositoriesRegistrar.EnableJpaRepositoriesConfiguration: Could not create query for public abstract java.util.Optional com.azvtech.file_management.repository.FileMetadataRepository.findByName(java.lang.String); Reason: Failed to create query for method public abstract java.util.Optional com.azvtech.file_management.repository.FileMetadataRepository.findByName(java.lang.String); No property 'name' found for type 'FileMetadata'
2025-06-18 11:10:06.614 [main] INFO  [null] o.s.o.j.LocalContainerEntityManagerFactoryBean.destroy - Closing JPA EntityManagerFactory for persistence unit 'default'
2025-06-18 11:10:06.654 [main] INFO  [null] com.zaxxer.hikari.HikariDataSource.close - HikariPool-1 - Shutdown initiated...
2025-06-18 11:10:06.807 [main] INFO  [null] com.zaxxer.hikari.HikariDataSource.close - HikariPool-1 - Shutdown completed.
2025-06-18 11:10:06.810 [main] INFO  [null] o.a.catalina.core.StandardService.log - Stopping service [Tomcat]
2025-06-18 11:10:06.818 [main] INFO  [null] o.s.b.a.l.ConditionEvaluationReportLogger.logMessage - 

Error starting ApplicationContext. To display the condition evaluation report re-run your application with 'debug' enabled.
2025-06-18 11:10:06.832 [main] ERROR [null] o.s.boot.SpringApplication.reportFailure - Application run failed
org.springframework.beans.factory.UnsatisfiedDependencyException: Error creating bean with name 'fileUploadController' defined in file [C:\Users\10598925708\IdeaProjects\file-management-service\target\classes\com\azvtech\file_management\controller\FileUploadController.class]: Unsatisfied dependency expressed through constructor parameter 0: Error creating bean with name 'fileSystemStorageService' defined in file [C:\Users\10598925708\IdeaProjects\file-management-service\target\classes\com\azvtech\file_management\storage\FileSystemStorageService.class]: Unsatisfied dependency expressed through constructor parameter 3: Error creating bean with name 'fileMetadataRepository' defined in com.azvtech.file_management.repository.FileMetadataRepository defined in @EnableJpaRepositories declared on JpaRepositoriesRegistrar.EnableJpaRepositoriesConfiguration: Could not create query for public abstract java.util.Optional com.azvtech.file_management.repository.FileMetadataRepository.findByName(java.lang.String); Reason: Failed to create query for method public abstract java.util.Optional com.azvtech.file_management.repository.FileMetadataRepository.findByName(java.lang.String); No property 'name' found for type 'FileMetadata'
	at org.springframework.beans.factory.support.ConstructorResolver.createArgumentArray(ConstructorResolver.java:804)
	at org.springframework.beans.factory.support.ConstructorResolver.autowireConstructor(ConstructorResolver.java:240)
	at org.springframework.beans.factory.support.AbstractAutowireCapableBeanFactory.autowireConstructor(AbstractAutowireCapableBeanFactory.java:1395)
	at org.springframework.beans.factory.support.AbstractAutowireCapableBeanFactory.createBeanInstance(AbstractAutowireCapableBeanFactory.java:1232)
	at org.springframework.beans.factory.support.AbstractAutowireCapableBeanFactory.doCreateBean(AbstractAutowireCapableBeanFactory.java:569)
	at org.springframework.beans.factory.support.AbstractAutowireCapableBeanFactory.createBean(AbstractAutowireCapableBeanFactory.java:529)
	at org.springframework.beans.factory.support.AbstractBeanFactory.lambda$doGetBean$0(AbstractBeanFactory.java:339)
	at org.springframework.beans.factory.support.DefaultSingletonBeanRegistry.getSingleton(DefaultSingletonBeanRegistry.java:373)
	at org.springframework.beans.factory.support.AbstractBeanFactory.doGetBean(AbstractBeanFactory.java:337)
	at org.springframework.beans.factory.support.AbstractBeanFactory.getBean(AbstractBeanFactory.java:202)
	at org.springframework.beans.factory.support.DefaultListableBeanFactory.instantiateSingleton(DefaultListableBeanFactory.java:1222)
	at org.springframework.beans.factory.support.DefaultListableBeanFactory.preInstantiateSingleton(DefaultListableBeanFactory.java:1188)
	at org.springframework.beans.factory.support.DefaultListableBeanFactory.preInstantiateSingletons(DefaultListableBeanFactory.java:1123)
	at org.springframework.context.support.AbstractApplicationContext.finishBeanFactoryInitialization(AbstractApplicationContext.java:987)
	at org.springframework.context.support.AbstractApplicationContext.refresh(AbstractApplicationContext.java:627)
	at org.springframework.boot.web.servlet.context.ServletWebServerApplicationContext.refresh(ServletWebServerApplicationContext.java:146)
	at org.springframework.boot.SpringApplication.refresh(SpringApplication.java:753)
	at org.springframework.boot.SpringApplication.refreshContext(SpringApplication.java:439)
	at org.springframework.boot.SpringApplication.run(SpringApplication.java:318)
	at org.springframework.boot.SpringApplication.run(SpringApplication.java:1362)
	at org.springframework.boot.SpringApplication.run(SpringApplication.java:1351)
	at com.azvtech.file_management.FileManagementApplication.main(FileManagementApplication.java:17)
Caused by: org.springframework.beans.factory.UnsatisfiedDependencyException: Error creating bean with name 'fileSystemStorageService' defined in file [C:\Users\10598925708\IdeaProjects\file-management-service\target\classes\com\azvtech\file_management\storage\FileSystemStorageService.class]: Unsatisfied dependency expressed through constructor parameter 3: Error creating bean with name 'fileMetadataRepository' defined in com.azvtech.file_management.repository.FileMetadataRepository defined in @EnableJpaRepositories declared on JpaRepositoriesRegistrar.EnableJpaRepositoriesConfiguration: Could not create query for public abstract java.util.Optional com.azvtech.file_management.repository.FileMetadataRepository.findByName(java.lang.String); Reason: Failed to create query for method public abstract java.util.Optional com.azvtech.file_management.repository.FileMetadataRepository.findByName(java.lang.String); No property 'name' found for type 'FileMetadata'
	at org.springframework.beans.factory.support.ConstructorResolver.createArgumentArray(ConstructorResolver.java:804)
	at org.springframework.beans.factory.support.ConstructorResolver.autowireConstructor(ConstructorResolver.java:240)
	at org.springframework.beans.factory.support.AbstractAutowireCapableBeanFactory.autowireConstructor(AbstractAutowireCapableBeanFactory.java:1395)
	at org.springframework.beans.factory.support.AbstractAutowireCapableBeanFactory.createBeanInstance(AbstractAutowireCapableBeanFactory.java:1232)
	at org.springframework.beans.factory.support.AbstractAutowireCapableBeanFactory.doCreateBean(AbstractAutowireCapableBeanFactory.java:569)
	at org.springframework.beans.factory.support.AbstractAutowireCapableBeanFactory.createBean(AbstractAutowireCapableBeanFactory.java:529)
	at org.springframework.beans.factory.support.AbstractBeanFactory.lambda$doGetBean$0(AbstractBeanFactory.java:339)
	at org.springframework.beans.factory.support.DefaultSingletonBeanRegistry.getSingleton(DefaultSingletonBeanRegistry.java:373)
	at org.springframework.beans.factory.support.AbstractBeanFactory.doGetBean(AbstractBeanFactory.java:337)
	at org.springframework.beans.factory.support.AbstractBeanFactory.getBean(AbstractBeanFactory.java:202)
	at org.springframework.beans.factory.config.DependencyDescriptor.resolveCandidate(DependencyDescriptor.java:254)
	at org.springframework.beans.factory.support.DefaultListableBeanFactory.doResolveDependency(DefaultListableBeanFactory.java:1740)
	at org.springframework.beans.factory.support.DefaultListableBeanFactory.resolveDependency(DefaultListableBeanFactory.java:1628)
	at org.springframework.beans.factory.support.ConstructorResolver.resolveAutowiredArgument(ConstructorResolver.java:913)
	at org.springframework.beans.factory.support.ConstructorResolver.createArgumentArray(ConstructorResolver.java:791)
	... 21 common frames omitted
Caused by: org.springframework.beans.factory.BeanCreationException: Error creating bean with name 'fileMetadataRepository' defined in com.azvtech.file_management.repository.FileMetadataRepository defined in @EnableJpaRepositories declared on JpaRepositoriesRegistrar.EnableJpaRepositoriesConfiguration: Could not create query for public abstract java.util.Optional com.azvtech.file_management.repository.FileMetadataRepository.findByName(java.lang.String); Reason: Failed to create query for method public abstract java.util.Optional com.azvtech.file_management.repository.FileMetadataRepository.findByName(java.lang.String); No property 'name' found for type 'FileMetadata'
	at org.springframework.beans.factory.support.AbstractAutowireCapableBeanFactory.initializeBean(AbstractAutowireCapableBeanFactory.java:1826)
	at org.springframework.beans.factory.support.AbstractAutowireCapableBeanFactory.doCreateBean(AbstractAutowireCapableBeanFactory.java:607)
	at org.springframework.beans.factory.support.AbstractAutowireCapableBeanFactory.createBean(AbstractAutowireCapableBeanFactory.java:529)
	at org.springframework.beans.factory.support.AbstractBeanFactory.lambda$doGetBean$0(AbstractBeanFactory.java:339)
	at org.springframework.beans.factory.support.DefaultSingletonBeanRegistry.getSingleton(DefaultSingletonBeanRegistry.java:373)
	at org.springframework.beans.factory.support.AbstractBeanFactory.doGetBean(AbstractBeanFactory.java:337)
	at org.springframework.beans.factory.support.AbstractBeanFactory.getBean(AbstractBeanFactory.java:202)
	at org.springframework.beans.factory.config.DependencyDescriptor.resolveCandidate(DependencyDescriptor.java:254)
	at org.springframework.beans.factory.support.DefaultListableBeanFactory.doResolveDependency(DefaultListableBeanFactory.java:1740)
	at org.springframework.beans.factory.support.DefaultListableBeanFactory.resolveDependency(DefaultListableBeanFactory.java:1628)
	at org.springframework.beans.factory.support.ConstructorResolver.resolveAutowiredArgument(ConstructorResolver.java:913)
	at org.springframework.beans.factory.support.ConstructorResolver.createArgumentArray(ConstructorResolver.java:791)
	... 35 common frames omitted
Caused by: org.springframework.data.repository.query.QueryCreationException: Could not create query for public abstract java.util.Optional com.azvtech.file_management.repository.FileMetadataRepository.findByName(java.lang.String); Reason: Failed to create query for method public abstract java.util.Optional com.azvtech.file_management.repository.FileMetadataRepository.findByName(java.lang.String); No property 'name' found for type 'FileMetadata'
	at org.springframework.data.repository.query.QueryCreationException.create(QueryCreationException.java:101)
	at org.springframework.data.repository.core.support.QueryExecutorMethodInterceptor.lookupQuery(QueryExecutorMethodInterceptor.java:120)
	at org.springframework.data.repository.core.support.QueryExecutorMethodInterceptor.mapMethodsToQuery(QueryExecutorMethodInterceptor.java:104)
	at org.springframework.data.repository.core.support.QueryExecutorMethodInterceptor.lambda$new$0(QueryExecutorMethodInterceptor.java:92)
	at java.base/java.util.Optional.map(Optional.java:260)
	at org.springframework.data.repository.core.support.QueryExecutorMethodInterceptor.<init>(QueryExecutorMethodInterceptor.java:92)
	at org.springframework.data.repository.core.support.RepositoryFactorySupport.getRepository(RepositoryFactorySupport.java:434)
	at org.springframework.data.repository.core.support.RepositoryFactoryBeanSupport.lambda$afterPropertiesSet$4(RepositoryFactoryBeanSupport.java:350)
	at org.springframework.data.util.Lazy.getNullable(Lazy.java:135)
	at org.springframework.data.util.Lazy.get(Lazy.java:113)
	at org.springframework.data.repository.core.support.RepositoryFactoryBeanSupport.afterPropertiesSet(RepositoryFactoryBeanSupport.java:356)
	at org.springframework.data.jpa.repository.support.JpaRepositoryFactoryBean.afterPropertiesSet(JpaRepositoryFactoryBean.java:132)
	at org.springframework.beans.factory.support.AbstractAutowireCapableBeanFactory.invokeInitMethods(AbstractAutowireCapableBeanFactory.java:1873)
	at org.springframework.beans.factory.support.AbstractAutowireCapableBeanFactory.initializeBean(AbstractAutowireCapableBeanFactory.java:1822)
	... 46 common frames omitted
Caused by: java.lang.IllegalArgumentException: Failed to create query for method public abstract java.util.Optional com.azvtech.file_management.repository.FileMetadataRepository.findByName(java.lang.String); No property 'name' found for type 'FileMetadata'
	at org.springframework.data.jpa.repository.query.PartTreeJpaQuery.<init>(PartTreeJpaQuery.java:107)
	at org.springframework.data.jpa.repository.query.JpaQueryLookupStrategy$CreateQueryLookupStrategy.resolveQuery(JpaQueryLookupStrategy.java:128)
	at org.springframework.data.jpa.repository.query.JpaQueryLookupStrategy$CreateIfNotFoundQueryLookupStrategy.resolveQuery(JpaQueryLookupStrategy.java:260)
	at org.springframework.data.jpa.repository.query.JpaQueryLookupStrategy$AbstractQueryLookupStrategy.resolveQuery(JpaQueryLookupStrategy.java:99)
	at org.springframework.data.repository.core.support.QueryExecutorMethodInterceptor.lookupQuery(QueryExecutorMethodInterceptor.java:116)
	... 58 common frames omitted
Caused by: org.springframework.data.mapping.PropertyReferenceException: No property 'name' found for type 'FileMetadata'
	at org.springframework.data.mapping.PropertyPath.<init>(PropertyPath.java:94)
	at org.springframework.data.mapping.PropertyPath.create(PropertyPath.java:455)
	at org.springframework.data.mapping.PropertyPath.create(PropertyPath.java:431)
	at org.springframework.data.mapping.PropertyPath.lambda$from$0(PropertyPath.java:384)
	at java.base/java.util.concurrent.ConcurrentMap.computeIfAbsent(ConcurrentMap.java:330)
	at org.springframework.data.mapping.PropertyPath.from(PropertyPath.java:366)
	at org.springframework.data.mapping.PropertyPath.from(PropertyPath.java:344)
	at org.springframework.data.repository.query.parser.Part.<init>(Part.java:81)
	at org.springframework.data.repository.query.parser.PartTree$OrPart.lambda$new$0(PartTree.java:259)
	at java.base/java.util.stream.ReferencePipeline$3$1.accept(ReferencePipeline.java:197)
	at java.base/java.util.stream.ReferencePipeline$2$1.accept(ReferencePipeline.java:179)
	at java.base/java.util.Spliterators$ArraySpliterator.forEachRemaining(Spliterators.java:1024)
	at java.base/java.util.stream.AbstractPipeline.copyInto(AbstractPipeline.java:509)
	at java.base/java.util.stream.AbstractPipeline.wrapAndCopyInto(AbstractPipeline.java:499)
	at java.base/java.util.stream.ReduceOps$ReduceOp.evaluateSequential(ReduceOps.java:921)
	at java.base/java.util.stream.AbstractPipeline.evaluate(AbstractPipeline.java:234)
	at java.base/java.util.stream.ReferencePipeline.collect(ReferencePipeline.java:682)
	at org.springframework.data.repository.query.parser.PartTree$OrPart.<init>(PartTree.java:260)
	at org.springframework.data.repository.query.parser.PartTree$Predicate.lambda$new$0(PartTree.java:389)
	at java.base/java.util.stream.ReferencePipeline$3$1.accept(ReferencePipeline.java:197)
	at java.base/java.util.stream.ReferencePipeline$2$1.accept(ReferencePipeline.java:179)
	at java.base/java.util.Spliterators$ArraySpliterator.forEachRemaining(Spliterators.java:1024)
	at java.base/java.util.stream.AbstractPipeline.copyInto(AbstractPipeline.java:509)
	at java.base/java.util.stream.AbstractPipeline.wrapAndCopyInto(AbstractPipeline.java:499)
	at java.base/java.util.stream.ReduceOps$ReduceOp.evaluateSequential(ReduceOps.java:921)
	at java.base/java.util.stream.AbstractPipeline.evaluate(AbstractPipeline.java:234)
	at java.base/java.util.stream.ReferencePipeline.collect(ReferencePipeline.java:682)
	at org.springframework.data.repository.query.parser.PartTree$Predicate.<init>(PartTree.java:390)
	at org.springframework.data.repository.query.parser.PartTree.<init>(PartTree.java:103)
	at org.springframework.data.jpa.repository.query.PartTreeJpaQuery.<init>(PartTreeJpaQuery.java:101)
	... 62 common frames omitted
2025-06-18 11:12:54.051 [main] INFO  [null] c.a.f.FileManagementApplication.logStarting - Starting FileManagementApplication using Java 21.0.6 with PID 22988 (C:\Users\10598925708\IdeaProjects\file-management-service\target\classes started by 10598925708 in C:\Users\10598925708\IdeaProjects\file-management-service)
2025-06-18 11:12:54.054 [main] INFO  [null] c.a.f.FileManagementApplication.logStartupProfileInfo - No active profile set, falling back to 1 default profile: "default"
2025-06-18 11:12:54.897 [main] INFO  [null] o.s.d.r.c.RepositoryConfigurationDelegate.registerRepositoriesIn - Bootstrapping Spring Data JPA repositories in DEFAULT mode.
2025-06-18 11:12:54.963 [main] INFO  [null] o.s.d.r.c.RepositoryConfigurationDelegate.registerRepositoriesIn - Finished Spring Data repository scanning in 54 ms. Found 1 JPA repository interface.
2025-06-18 11:12:55.505 [main] INFO  [null] o.s.b.w.e.tomcat.TomcatWebServer.initialize - Tomcat initialized with port 8090 (http)
2025-06-18 11:12:55.524 [main] INFO  [null] o.a.coyote.http11.Http11NioProtocol.log - Initializing ProtocolHandler ["http-nio-8090"]
2025-06-18 11:12:55.528 [main] INFO  [null] o.a.catalina.core.StandardService.log - Starting service [Tomcat]
2025-06-18 11:12:55.529 [main] INFO  [null] o.a.catalina.core.StandardEngine.log - Starting Servlet engine: [Apache Tomcat/10.1.41]
2025-06-18 11:12:55.588 [main] INFO  [null] o.a.c.c.C.[Tomcat].[localhost].[/].log - Initializing Spring embedded WebApplicationContext
2025-06-18 11:12:55.590 [main] INFO  [null] o.s.b.w.s.c.ServletWebServerApplicationContext.prepareWebApplicationContext - Root WebApplicationContext: initialization completed in 1473 ms
2025-06-18 11:12:55.783 [main] INFO  [null] o.h.jpa.internal.util.LogHelper.logPersistenceUnitInformation - HHH000204: Processing PersistenceUnitInfo [name: default]
2025-06-18 11:12:55.842 [main] INFO  [null] org.hibernate.Version.logVersion - HHH000412: Hibernate ORM core version 6.6.15.Final
2025-06-18 11:12:55.868 [main] INFO  [null] o.h.c.i.RegionFactoryInitiator.initiateService - HHH000026: Second-level cache disabled
2025-06-18 11:12:56.114 [main] INFO  [null] o.s.o.j.p.SpringPersistenceUnitInfo.addTransformer - No LoadTimeWeaver setup: ignoring JPA class transformer
2025-06-18 11:12:56.139 [main] INFO  [null] com.zaxxer.hikari.HikariDataSource.getConnection - HikariPool-1 - Starting...
2025-06-18 11:12:56.397 [main] INFO  [null] com.zaxxer.hikari.pool.HikariPool.checkFailFast - HikariPool-1 - Added connection org.postgresql.jdbc.PgConnection@698f4aa
2025-06-18 11:12:56.399 [main] INFO  [null] com.zaxxer.hikari.HikariDataSource.getConnection - HikariPool-1 - Start completed.
2025-06-18 11:12:56.440 [main] WARN  [null] org.hibernate.orm.deprecation.constructDialect - HHH90000025: PostgreSQLDialect does not need to be specified explicitly using 'hibernate.dialect' (remove the property setting and it will be selected by default)
2025-06-18 11:12:56.456 [main] INFO  [null] o.hibernate.orm.connections.pooling.logConnectionInfo - HHH10001005: Database info:
	Database JDBC URL [Connecting through datasource 'HikariDataSource (HikariPool-1)']
	Database driver: undefined/unknown
	Database version: 17.4
	Autocommit mode: undefined/unknown
	Isolation level: undefined/unknown
	Minimum pool size: undefined/unknown
	Maximum pool size: undefined/unknown
2025-06-18 11:12:57.085 [main] INFO  [null] o.h.e.t.j.p.i.JtaPlatformInitiator.initiateService - HHH000489: No JTA platform available (set 'hibernate.transaction.jta.platform' to enable JTA platform integration)
2025-06-18 11:12:57.171 [main] INFO  [null] o.s.o.j.LocalContainerEntityManagerFactoryBean.buildNativeEntityManagerFactory - Initialized JPA EntityManagerFactory for persistence unit 'default'
2025-06-18 11:12:57.905 [main] INFO  [null] o.a.coyote.http11.Http11NioProtocol.log - Starting ProtocolHandler ["http-nio-8090"]
2025-06-18 11:12:57.933 [main] INFO  [null] o.s.b.w.e.tomcat.TomcatWebServer.start - Tomcat started on port 8090 (http) with context path '/'
2025-06-18 11:12:57.941 [main] INFO  [null] c.a.f.FileManagementApplication.logStarted - Started FileManagementApplication in 4.463 seconds (process running for 4.91)
2025-06-18 11:13:13.812 [http-nio-8090-exec-1] INFO  [null] o.a.c.c.C.[Tomcat].[localhost].[/].log - Initializing Spring DispatcherServlet 'dispatcherServlet'
2025-06-18 11:13:13.812 [http-nio-8090-exec-1] INFO  [null] o.s.web.servlet.DispatcherServlet.initServletBean - Initializing Servlet 'dispatcherServlet'
2025-06-18 11:13:13.813 [http-nio-8090-exec-1] INFO  [null] o.s.web.servlet.DispatcherServlet.initServletBean - Completed initialization in 1 ms
2025-06-18 12:07:10.706 [SpringApplicationShutdownHook] INFO  [null] o.s.b.w.e.tomcat.GracefulShutdown.shutDownGracefully - Commencing graceful shutdown. Waiting for active requests to complete
2025-06-18 12:07:10.766 [tomcat-shutdown] INFO  [null] o.s.b.w.e.tomcat.GracefulShutdown.doShutdown - Graceful shutdown complete
2025-06-18 12:07:10.813 [SpringApplicationShutdownHook] INFO  [null] o.s.o.j.LocalContainerEntityManagerFactoryBean.destroy - Closing JPA EntityManagerFactory for persistence unit 'default'
2025-06-18 12:07:10.941 [SpringApplicationShutdownHook] INFO  [null] com.zaxxer.hikari.HikariDataSource.close - HikariPool-1 - Shutdown initiated...
2025-06-18 12:07:10.966 [SpringApplicationShutdownHook] INFO  [null] com.zaxxer.hikari.HikariDataSource.close - HikariPool-1 - Shutdown completed.
2025-06-18 12:07:16.433 [main] INFO  [null] c.a.f.FileManagementApplication.logStarting - Starting FileManagementApplication using Java 21.0.6 with PID 22388 (C:\Users\10598925708\IdeaProjects\file-management-service\target\classes started by 10598925708 in C:\Users\10598925708\IdeaProjects\file-management-service)
2025-06-18 12:07:16.437 [main] INFO  [null] c.a.f.FileManagementApplication.logStartupProfileInfo - No active profile set, falling back to 1 default profile: "default"
2025-06-18 12:07:17.409 [main] INFO  [null] o.s.d.r.c.RepositoryConfigurationDelegate.registerRepositoriesIn - Bootstrapping Spring Data JPA repositories in DEFAULT mode.
2025-06-18 12:07:17.490 [main] INFO  [null] o.s.d.r.c.RepositoryConfigurationDelegate.registerRepositoriesIn - Finished Spring Data repository scanning in 70 ms. Found 1 JPA repository interface.
2025-06-18 12:07:18.199 [main] INFO  [null] o.s.b.w.e.tomcat.TomcatWebServer.initialize - Tomcat initialized with port 8090 (http)
2025-06-18 12:07:18.222 [main] INFO  [null] o.a.coyote.http11.Http11NioProtocol.log - Initializing ProtocolHandler ["http-nio-8090"]
2025-06-18 12:07:18.226 [main] INFO  [null] o.a.catalina.core.StandardService.log - Starting service [Tomcat]
2025-06-18 12:07:18.226 [main] INFO  [null] o.a.catalina.core.StandardEngine.log - Starting Servlet engine: [Apache Tomcat/10.1.41]
2025-06-18 12:07:18.309 [main] INFO  [null] o.a.c.c.C.[Tomcat].[localhost].[/].log - Initializing Spring embedded WebApplicationContext
2025-06-18 12:07:18.310 [main] INFO  [null] o.s.b.w.s.c.ServletWebServerApplicationContext.prepareWebApplicationContext - Root WebApplicationContext: initialization completed in 1767 ms
2025-06-18 12:07:18.637 [main] INFO  [null] o.h.jpa.internal.util.LogHelper.logPersistenceUnitInformation - HHH000204: Processing PersistenceUnitInfo [name: default]
2025-06-18 12:07:18.744 [main] INFO  [null] org.hibernate.Version.logVersion - HHH000412: Hibernate ORM core version 6.6.15.Final
2025-06-18 12:07:18.785 [main] INFO  [null] o.h.c.i.RegionFactoryInitiator.initiateService - HHH000026: Second-level cache disabled
2025-06-18 12:07:19.045 [main] INFO  [null] o.s.o.j.p.SpringPersistenceUnitInfo.addTransformer - No LoadTimeWeaver setup: ignoring JPA class transformer
2025-06-18 12:07:19.071 [main] INFO  [null] com.zaxxer.hikari.HikariDataSource.getConnection - HikariPool-1 - Starting...
2025-06-18 12:07:19.337 [main] INFO  [null] com.zaxxer.hikari.pool.HikariPool.checkFailFast - HikariPool-1 - Added connection org.postgresql.jdbc.PgConnection@698f4aa
2025-06-18 12:07:19.338 [main] INFO  [null] com.zaxxer.hikari.HikariDataSource.getConnection - HikariPool-1 - Start completed.
2025-06-18 12:07:19.386 [main] WARN  [null] org.hibernate.orm.deprecation.constructDialect - HHH90000025: PostgreSQLDialect does not need to be specified explicitly using 'hibernate.dialect' (remove the property setting and it will be selected by default)
2025-06-18 12:07:19.403 [main] INFO  [null] o.hibernate.orm.connections.pooling.logConnectionInfo - HHH10001005: Database info:
	Database JDBC URL [Connecting through datasource 'HikariDataSource (HikariPool-1)']
	Database driver: undefined/unknown
	Database version: 17.4
	Autocommit mode: undefined/unknown
	Isolation level: undefined/unknown
	Minimum pool size: undefined/unknown
	Maximum pool size: undefined/unknown
2025-06-18 12:07:20.058 [main] INFO  [null] o.h.e.t.j.p.i.JtaPlatformInitiator.initiateService - HHH000489: No JTA platform available (set 'hibernate.transaction.jta.platform' to enable JTA platform integration)
2025-06-18 12:07:20.134 [main] INFO  [null] o.s.o.j.LocalContainerEntityManagerFactoryBean.buildNativeEntityManagerFactory - Initialized JPA EntityManagerFactory for persistence unit 'default'
2025-06-18 12:07:20.935 [main] INFO  [null] o.a.coyote.http11.Http11NioProtocol.log - Starting ProtocolHandler ["http-nio-8090"]
2025-06-18 12:07:20.976 [main] INFO  [null] o.s.b.w.e.tomcat.TomcatWebServer.start - Tomcat started on port 8090 (http) with context path '/'
2025-06-18 12:07:20.987 [main] INFO  [null] c.a.f.FileManagementApplication.logStarted - Started FileManagementApplication in 5.278 seconds (process running for 5.746)
2025-06-18 12:07:29.034 [http-nio-8090-exec-1] INFO  [null] o.a.c.c.C.[Tomcat].[localhost].[/].log - Initializing Spring DispatcherServlet 'dispatcherServlet'
2025-06-18 12:07:29.034 [http-nio-8090-exec-1] INFO  [null] o.s.web.servlet.DispatcherServlet.initServletBean - Initializing Servlet 'dispatcherServlet'
2025-06-18 12:07:29.035 [http-nio-8090-exec-1] INFO  [null] o.s.web.servlet.DispatcherServlet.initServletBean - Completed initialization in 1 ms
2025-06-18 12:13:30.412 [SpringApplicationShutdownHook] INFO  [null] o.s.b.w.e.tomcat.GracefulShutdown.shutDownGracefully - Commencing graceful shutdown. Waiting for active requests to complete
2025-06-18 12:13:30.500 [tomcat-shutdown] INFO  [null] o.s.b.w.e.tomcat.GracefulShutdown.doShutdown - Graceful shutdown complete
2025-06-18 12:13:30.582 [SpringApplicationShutdownHook] INFO  [null] o.s.o.j.LocalContainerEntityManagerFactoryBean.destroy - Closing JPA EntityManagerFactory for persistence unit 'default'
2025-06-18 12:13:30.720 [SpringApplicationShutdownHook] INFO  [null] com.zaxxer.hikari.HikariDataSource.close - HikariPool-1 - Shutdown initiated...
2025-06-18 12:13:30.749 [SpringApplicationShutdownHook] INFO  [null] com.zaxxer.hikari.HikariDataSource.close - HikariPool-1 - Shutdown completed.
2025-06-18 12:13:34.687 [main] INFO  [null] c.a.f.FileManagementApplication.logStarting - Starting FileManagementApplication using Java 21.0.6 with PID 24412 (C:\Users\10598925708\IdeaProjects\file-management-service\target\classes started by 10598925708 in C:\Users\10598925708\IdeaProjects\file-management-service)
2025-06-18 12:13:34.689 [main] INFO  [null] c.a.f.FileManagementApplication.logStartupProfileInfo - No active profile set, falling back to 1 default profile: "default"
2025-06-18 12:13:35.515 [main] INFO  [null] o.s.d.r.c.RepositoryConfigurationDelegate.registerRepositoriesIn - Bootstrapping Spring Data JPA repositories in DEFAULT mode.
2025-06-18 12:13:35.587 [main] INFO  [null] o.s.d.r.c.RepositoryConfigurationDelegate.registerRepositoriesIn - Finished Spring Data repository scanning in 62 ms. Found 1 JPA repository interface.
2025-06-18 12:13:36.107 [main] INFO  [null] o.s.b.w.e.tomcat.TomcatWebServer.initialize - Tomcat initialized with port 8090 (http)
2025-06-18 12:13:36.123 [main] INFO  [null] o.a.coyote.http11.Http11NioProtocol.log - Initializing ProtocolHandler ["http-nio-8090"]
2025-06-18 12:13:36.126 [main] INFO  [null] o.a.catalina.core.StandardService.log - Starting service [Tomcat]
2025-06-18 12:13:36.127 [main] INFO  [null] o.a.catalina.core.StandardEngine.log - Starting Servlet engine: [Apache Tomcat/10.1.41]
2025-06-18 12:13:36.181 [main] INFO  [null] o.a.c.c.C.[Tomcat].[localhost].[/].log - Initializing Spring embedded WebApplicationContext
2025-06-18 12:13:36.182 [main] INFO  [null] o.s.b.w.s.c.ServletWebServerApplicationContext.prepareWebApplicationContext - Root WebApplicationContext: initialization completed in 1444 ms
2025-06-18 12:13:36.385 [main] INFO  [null] o.h.jpa.internal.util.LogHelper.logPersistenceUnitInformation - HHH000204: Processing PersistenceUnitInfo [name: default]
2025-06-18 12:13:36.452 [main] INFO  [null] org.hibernate.Version.logVersion - HHH000412: Hibernate ORM core version 6.6.15.Final
2025-06-18 12:13:36.490 [main] INFO  [null] o.h.c.i.RegionFactoryInitiator.initiateService - HHH000026: Second-level cache disabled
2025-06-18 12:13:36.779 [main] INFO  [null] o.s.o.j.p.SpringPersistenceUnitInfo.addTransformer - No LoadTimeWeaver setup: ignoring JPA class transformer
2025-06-18 12:13:36.809 [main] INFO  [null] com.zaxxer.hikari.HikariDataSource.getConnection - HikariPool-1 - Starting...
2025-06-18 12:13:37.049 [main] INFO  [null] com.zaxxer.hikari.pool.HikariPool.checkFailFast - HikariPool-1 - Added connection org.postgresql.jdbc.PgConnection@39851c5
2025-06-18 12:13:37.050 [main] INFO  [null] com.zaxxer.hikari.HikariDataSource.getConnection - HikariPool-1 - Start completed.
2025-06-18 12:13:37.092 [main] WARN  [null] org.hibernate.orm.deprecation.constructDialect - HHH90000025: PostgreSQLDialect does not need to be specified explicitly using 'hibernate.dialect' (remove the property setting and it will be selected by default)
2025-06-18 12:13:37.107 [main] INFO  [null] o.hibernate.orm.connections.pooling.logConnectionInfo - HHH10001005: Database info:
	Database JDBC URL [Connecting through datasource 'HikariDataSource (HikariPool-1)']
	Database driver: undefined/unknown
	Database version: 17.4
	Autocommit mode: undefined/unknown
	Isolation level: undefined/unknown
	Minimum pool size: undefined/unknown
	Maximum pool size: undefined/unknown
2025-06-18 12:13:37.882 [main] INFO  [null] o.h.e.t.j.p.i.JtaPlatformInitiator.initiateService - HHH000489: No JTA platform available (set 'hibernate.transaction.jta.platform' to enable JTA platform integration)
2025-06-18 12:13:37.991 [main] INFO  [null] o.s.o.j.LocalContainerEntityManagerFactoryBean.buildNativeEntityManagerFactory - Initialized JPA EntityManagerFactory for persistence unit 'default'
2025-06-18 12:13:38.867 [main] INFO  [null] o.a.coyote.http11.Http11NioProtocol.log - Starting ProtocolHandler ["http-nio-8090"]
2025-06-18 12:13:38.894 [main] INFO  [null] o.s.b.w.e.tomcat.TomcatWebServer.start - Tomcat started on port 8090 (http) with context path '/'
2025-06-18 12:13:38.901 [main] INFO  [null] c.a.f.FileManagementApplication.logStarted - Started FileManagementApplication in 4.958 seconds (process running for 5.485)
2025-06-18 12:13:42.519 [http-nio-8090-exec-1] INFO  [null] o.a.c.c.C.[Tomcat].[localhost].[/].log - Initializing Spring DispatcherServlet 'dispatcherServlet'
2025-06-18 12:13:42.520 [http-nio-8090-exec-1] INFO  [null] o.s.web.servlet.DispatcherServlet.initServletBean - Initializing Servlet 'dispatcherServlet'
2025-06-18 12:13:42.523 [http-nio-8090-exec-1] INFO  [null] o.s.web.servlet.DispatcherServlet.initServletBean - Completed initialization in 2 ms
2025-06-18 14:03:07.878 [http-nio-8090-exec-9] WARN  [null] o.s.w.s.m.s.DefaultHandlerExceptionResolver.logException - Resolved [org.springframework.web.multipart.support.MissingServletRequestPartException: Required part 'file' is not present.]
2025-06-18 14:03:10.354 [http-nio-8090-exec-10] WARN  [null] o.s.w.s.m.s.DefaultHandlerExceptionResolver.logException - Resolved [org.springframework.web.multipart.support.MissingServletRequestPartException: Required part 'file' is not present.]
2025-06-18 14:04:24.092 [http-nio-8090-exec-1] WARN  [null] o.s.w.s.m.s.DefaultHandlerExceptionResolver.logException - Resolved [org.springframework.web.multipart.support.MissingServletRequestPartException: Required part 'files' is not present.]
2025-06-18 14:05:43.756 [http-nio-8090-exec-3] WARN  [null] o.s.w.s.m.s.DefaultHandlerExceptionResolver.logException - Resolved [org.springframework.web.multipart.support.MissingServletRequestPartException: Required part 'files' is not present.]
2025-06-18 14:08:04.589 [SpringApplicationShutdownHook] INFO  [null] o.s.b.w.e.tomcat.GracefulShutdown.shutDownGracefully - Commencing graceful shutdown. Waiting for active requests to complete
2025-06-18 14:08:04.674 [tomcat-shutdown] INFO  [null] o.s.b.w.e.tomcat.GracefulShutdown.doShutdown - Graceful shutdown complete
2025-06-18 14:08:04.739 [SpringApplicationShutdownHook] INFO  [null] o.s.o.j.LocalContainerEntityManagerFactoryBean.destroy - Closing JPA EntityManagerFactory for persistence unit 'default'
2025-06-18 14:08:04.907 [SpringApplicationShutdownHook] INFO  [null] com.zaxxer.hikari.HikariDataSource.close - HikariPool-1 - Shutdown initiated...
2025-06-18 14:08:04.957 [SpringApplicationShutdownHook] INFO  [null] com.zaxxer.hikari.HikariDataSource.close - HikariPool-1 - Shutdown completed.
2025-06-18 14:08:10.518 [main] INFO  [null] c.a.f.FileManagementApplication.logStarting - Starting FileManagementApplication using Java 21.0.6 with PID 14076 (C:\Users\10598925708\IdeaProjects\file-management-service\target\classes started by 10598925708 in C:\Users\10598925708\IdeaProjects\file-management-service)
2025-06-18 14:08:10.521 [main] INFO  [null] c.a.f.FileManagementApplication.logStartupProfileInfo - No active profile set, falling back to 1 default profile: "default"
2025-06-18 14:08:11.365 [main] INFO  [null] o.s.d.r.c.RepositoryConfigurationDelegate.registerRepositoriesIn - Bootstrapping Spring Data JPA repositories in DEFAULT mode.
2025-06-18 14:08:11.418 [main] INFO  [null] o.s.d.r.c.RepositoryConfigurationDelegate.registerRepositoriesIn - Finished Spring Data repository scanning in 43 ms. Found 1 JPA repository interface.
2025-06-18 14:08:12.047 [main] INFO  [null] o.s.b.w.e.tomcat.TomcatWebServer.initialize - Tomcat initialized with port 8090 (http)
2025-06-18 14:08:12.062 [main] INFO  [null] o.a.coyote.http11.Http11NioProtocol.log - Initializing ProtocolHandler ["http-nio-8090"]
2025-06-18 14:08:12.064 [main] INFO  [null] o.a.catalina.core.StandardService.log - Starting service [Tomcat]
2025-06-18 14:08:12.065 [main] INFO  [null] o.a.catalina.core.StandardEngine.log - Starting Servlet engine: [Apache Tomcat/10.1.41]
2025-06-18 14:08:12.123 [main] INFO  [null] o.a.c.c.C.[Tomcat].[localhost].[/].log - Initializing Spring embedded WebApplicationContext
2025-06-18 14:08:12.124 [main] INFO  [null] o.s.b.w.s.c.ServletWebServerApplicationContext.prepareWebApplicationContext - Root WebApplicationContext: initialization completed in 1503 ms
2025-06-18 14:08:12.385 [main] INFO  [null] o.h.jpa.internal.util.LogHelper.logPersistenceUnitInformation - HHH000204: Processing PersistenceUnitInfo [name: default]
2025-06-18 14:08:12.467 [main] INFO  [null] org.hibernate.Version.logVersion - HHH000412: Hibernate ORM core version 6.6.15.Final
2025-06-18 14:08:12.510 [main] INFO  [null] o.h.c.i.RegionFactoryInitiator.initiateService - HHH000026: Second-level cache disabled
2025-06-18 14:08:12.918 [main] INFO  [null] o.s.o.j.p.SpringPersistenceUnitInfo.addTransformer - No LoadTimeWeaver setup: ignoring JPA class transformer
2025-06-18 14:08:12.951 [main] INFO  [null] com.zaxxer.hikari.HikariDataSource.getConnection - HikariPool-1 - Starting...
2025-06-18 14:08:13.324 [main] INFO  [null] com.zaxxer.hikari.pool.HikariPool.checkFailFast - HikariPool-1 - Added connection org.postgresql.jdbc.PgConnection@2c7ad4f3
2025-06-18 14:08:13.326 [main] INFO  [null] com.zaxxer.hikari.HikariDataSource.getConnection - HikariPool-1 - Start completed.
2025-06-18 14:08:13.388 [main] WARN  [null] org.hibernate.orm.deprecation.constructDialect - HHH90000025: PostgreSQLDialect does not need to be specified explicitly using 'hibernate.dialect' (remove the property setting and it will be selected by default)
2025-06-18 14:08:13.410 [main] INFO  [null] o.hibernate.orm.connections.pooling.logConnectionInfo - HHH10001005: Database info:
	Database JDBC URL [Connecting through datasource 'HikariDataSource (HikariPool-1)']
	Database driver: undefined/unknown
	Database version: 17.4
	Autocommit mode: undefined/unknown
	Isolation level: undefined/unknown
	Minimum pool size: undefined/unknown
	Maximum pool size: undefined/unknown
2025-06-18 14:08:14.159 [main] INFO  [null] o.h.e.t.j.p.i.JtaPlatformInitiator.initiateService - HHH000489: No JTA platform available (set 'hibernate.transaction.jta.platform' to enable JTA platform integration)
2025-06-18 14:08:14.250 [main] INFO  [null] o.s.o.j.LocalContainerEntityManagerFactoryBean.buildNativeEntityManagerFactory - Initialized JPA EntityManagerFactory for persistence unit 'default'
2025-06-18 14:08:14.959 [main] INFO  [null] o.a.coyote.http11.Http11NioProtocol.log - Starting ProtocolHandler ["http-nio-8090"]
2025-06-18 14:08:14.979 [main] INFO  [null] o.s.b.w.e.tomcat.TomcatWebServer.start - Tomcat started on port 8090 (http) with context path '/'
2025-06-18 14:08:14.984 [main] INFO  [null] c.a.f.FileManagementApplication.logStarted - Started FileManagementApplication in 5.156 seconds (process running for 5.679)
2025-06-18 14:08:24.415 [http-nio-8090-exec-1] INFO  [null] o.a.c.c.C.[Tomcat].[localhost].[/].log - Initializing Spring DispatcherServlet 'dispatcherServlet'
2025-06-18 14:08:24.415 [http-nio-8090-exec-1] INFO  [null] o.s.web.servlet.DispatcherServlet.initServletBean - Initializing Servlet 'dispatcherServlet'
2025-06-18 14:08:24.417 [http-nio-8090-exec-1] INFO  [null] o.s.web.servlet.DispatcherServlet.initServletBean - Completed initialization in 1 ms
2025-06-18 14:08:24.558 [http-nio-8090-exec-1] WARN  [null] o.s.w.s.m.s.DefaultHandlerExceptionResolver.logException - Resolved [org.springframework.web.multipart.support.MissingServletRequestPartException: Required part 'uploadedFiles' is not present.]
2025-06-18 14:09:16.724 [http-nio-8090-exec-2] WARN  [null] o.s.w.s.m.s.DefaultHandlerExceptionResolver.logException - Resolved [org.springframework.web.multipart.support.MissingServletRequestPartException: Required part 'uploadedFiles' is not present.]
2025-06-18 14:10:25.713 [SpringApplicationShutdownHook] INFO  [null] o.s.b.w.e.tomcat.GracefulShutdown.shutDownGracefully - Commencing graceful shutdown. Waiting for active requests to complete
2025-06-18 14:10:25.729 [tomcat-shutdown] INFO  [null] o.s.b.w.e.tomcat.GracefulShutdown.doShutdown - Graceful shutdown complete
2025-06-18 14:10:25.741 [SpringApplicationShutdownHook] INFO  [null] o.s.o.j.LocalContainerEntityManagerFactoryBean.destroy - Closing JPA EntityManagerFactory for persistence unit 'default'
2025-06-18 14:10:25.793 [SpringApplicationShutdownHook] INFO  [null] com.zaxxer.hikari.HikariDataSource.close - HikariPool-1 - Shutdown initiated...
2025-06-18 14:10:25.801 [SpringApplicationShutdownHook] INFO  [null] com.zaxxer.hikari.HikariDataSource.close - HikariPool-1 - Shutdown completed.
2025-06-18 14:10:30.220 [main] INFO  [null] c.a.f.FileManagementApplication.logStarting - Starting FileManagementApplication using Java 21.0.6 with PID 17704 (C:\Users\10598925708\IdeaProjects\file-management-service\target\classes started by 10598925708 in C:\Users\10598925708\IdeaProjects\file-management-service)
2025-06-18 14:10:30.226 [main] INFO  [null] c.a.f.FileManagementApplication.logStartupProfileInfo - No active profile set, falling back to 1 default profile: "default"
2025-06-18 14:10:31.026 [main] INFO  [null] o.s.d.r.c.RepositoryConfigurationDelegate.registerRepositoriesIn - Bootstrapping Spring Data JPA repositories in DEFAULT mode.
2025-06-18 14:10:31.088 [main] INFO  [null] o.s.d.r.c.RepositoryConfigurationDelegate.registerRepositoriesIn - Finished Spring Data repository scanning in 52 ms. Found 1 JPA repository interface.
2025-06-18 14:10:31.723 [main] INFO  [null] o.s.b.w.e.tomcat.TomcatWebServer.initialize - Tomcat initialized with port 8090 (http)
2025-06-18 14:10:31.742 [main] INFO  [null] o.a.coyote.http11.Http11NioProtocol.log - Initializing ProtocolHandler ["http-nio-8090"]
2025-06-18 14:10:31.746 [main] INFO  [null] o.a.catalina.core.StandardService.log - Starting service [Tomcat]
2025-06-18 14:10:31.747 [main] INFO  [null] o.a.catalina.core.StandardEngine.log - Starting Servlet engine: [Apache Tomcat/10.1.41]
2025-06-18 14:10:31.813 [main] INFO  [null] o.a.c.c.C.[Tomcat].[localhost].[/].log - Initializing Spring embedded WebApplicationContext
2025-06-18 14:10:31.814 [main] INFO  [null] o.s.b.w.s.c.ServletWebServerApplicationContext.prepareWebApplicationContext - Root WebApplicationContext: initialization completed in 1498 ms
2025-06-18 14:10:32.045 [main] INFO  [null] o.h.jpa.internal.util.LogHelper.logPersistenceUnitInformation - HHH000204: Processing PersistenceUnitInfo [name: default]
2025-06-18 14:10:32.172 [main] INFO  [null] org.hibernate.Version.logVersion - HHH000412: Hibernate ORM core version 6.6.15.Final
2025-06-18 14:10:32.220 [main] INFO  [null] o.h.c.i.RegionFactoryInitiator.initiateService - HHH000026: Second-level cache disabled
2025-06-18 14:10:32.538 [main] INFO  [null] o.s.o.j.p.SpringPersistenceUnitInfo.addTransformer - No LoadTimeWeaver setup: ignoring JPA class transformer
2025-06-18 14:10:32.575 [main] INFO  [null] com.zaxxer.hikari.HikariDataSource.getConnection - HikariPool-1 - Starting...
2025-06-18 14:10:32.808 [main] INFO  [null] com.zaxxer.hikari.pool.HikariPool.checkFailFast - HikariPool-1 - Added connection org.postgresql.jdbc.PgConnection@698f4aa
2025-06-18 14:10:32.809 [main] INFO  [null] com.zaxxer.hikari.HikariDataSource.getConnection - HikariPool-1 - Start completed.
2025-06-18 14:10:32.853 [main] WARN  [null] org.hibernate.orm.deprecation.constructDialect - HHH90000025: PostgreSQLDialect does not need to be specified explicitly using 'hibernate.dialect' (remove the property setting and it will be selected by default)
2025-06-18 14:10:32.869 [main] INFO  [null] o.hibernate.orm.connections.pooling.logConnectionInfo - HHH10001005: Database info:
	Database JDBC URL [Connecting through datasource 'HikariDataSource (HikariPool-1)']
	Database driver: undefined/unknown
	Database version: 17.4
	Autocommit mode: undefined/unknown
	Isolation level: undefined/unknown
	Minimum pool size: undefined/unknown
	Maximum pool size: undefined/unknown
2025-06-18 14:10:33.552 [main] INFO  [null] o.h.e.t.j.p.i.JtaPlatformInitiator.initiateService - HHH000489: No JTA platform available (set 'hibernate.transaction.jta.platform' to enable JTA platform integration)
2025-06-18 14:10:33.622 [main] INFO  [null] o.s.o.j.LocalContainerEntityManagerFactoryBean.buildNativeEntityManagerFactory - Initialized JPA EntityManagerFactory for persistence unit 'default'
2025-06-18 14:10:34.221 [main] INFO  [null] o.a.coyote.http11.Http11NioProtocol.log - Starting ProtocolHandler ["http-nio-8090"]
2025-06-18 14:10:34.240 [main] INFO  [null] o.s.b.w.e.tomcat.TomcatWebServer.start - Tomcat started on port 8090 (http) with context path '/'
2025-06-18 14:10:34.247 [main] INFO  [null] c.a.f.FileManagementApplication.logStarted - Started FileManagementApplication in 4.643 seconds (process running for 5.118)
2025-06-18 14:10:41.023 [http-nio-8090-exec-1] INFO  [null] o.a.c.c.C.[Tomcat].[localhost].[/].log - Initializing Spring DispatcherServlet 'dispatcherServlet'
2025-06-18 14:10:41.023 [http-nio-8090-exec-1] INFO  [null] o.s.web.servlet.DispatcherServlet.initServletBean - Initializing Servlet 'dispatcherServlet'
2025-06-18 14:10:41.025 [http-nio-8090-exec-1] INFO  [null] o.s.web.servlet.DispatcherServlet.initServletBean - Completed initialization in 2 ms
2025-06-18 14:12:34.180 [http-nio-8090-exec-9] WARN  [null] o.s.w.s.m.s.DefaultHandlerExceptionResolver.logException - Resolved [org.springframework.web.multipart.support.MissingServletRequestPartException: Required part 'files' is not present.]
2025-06-18 14:14:48.142 [http-nio-8090-exec-10] WARN  [null] o.s.w.s.m.s.DefaultHandlerExceptionResolver.logException - Resolved [org.springframework.web.multipart.support.MissingServletRequestPartException: Required part 'files' is not present.]
2025-06-18 14:56:52.789 [SpringApplicationShutdownHook] INFO  [null] o.s.b.w.e.tomcat.GracefulShutdown.shutDownGracefully - Commencing graceful shutdown. Waiting for active requests to complete
2025-06-18 14:56:52.837 [tomcat-shutdown] INFO  [null] o.s.b.w.e.tomcat.GracefulShutdown.doShutdown - Graceful shutdown complete
2025-06-18 14:56:52.898 [SpringApplicationShutdownHook] INFO  [null] o.s.o.j.LocalContainerEntityManagerFactoryBean.destroy - Closing JPA EntityManagerFactory for persistence unit 'default'
2025-06-18 14:56:53.102 [SpringApplicationShutdownHook] INFO  [null] com.zaxxer.hikari.HikariDataSource.close - HikariPool-1 - Shutdown initiated...
2025-06-18 14:56:53.165 [SpringApplicationShutdownHook] INFO  [null] com.zaxxer.hikari.HikariDataSource.close - HikariPool-1 - Shutdown completed.
2025-06-18 14:56:57.661 [main] INFO  [null] c.a.f.FileManagementApplication.logStarting - Starting FileManagementApplication using Java 21.0.6 with PID 22268 (C:\Users\10598925708\IdeaProjects\file-management-service\target\classes started by 10598925708 in C:\Users\10598925708\IdeaProjects\file-management-service)
2025-06-18 14:56:57.666 [main] INFO  [null] c.a.f.FileManagementApplication.logStartupProfileInfo - No active profile set, falling back to 1 default profile: "default"
2025-06-18 14:56:58.614 [main] INFO  [null] o.s.d.r.c.RepositoryConfigurationDelegate.registerRepositoriesIn - Bootstrapping Spring Data JPA repositories in DEFAULT mode.
2025-06-18 14:56:58.678 [main] INFO  [null] o.s.d.r.c.RepositoryConfigurationDelegate.registerRepositoriesIn - Finished Spring Data repository scanning in 51 ms. Found 1 JPA repository interface.
2025-06-18 14:56:59.361 [main] INFO  [null] o.s.b.w.e.tomcat.TomcatWebServer.initialize - Tomcat initialized with port 8090 (http)
2025-06-18 14:56:59.377 [main] INFO  [null] o.a.coyote.http11.Http11NioProtocol.log - Initializing ProtocolHandler ["http-nio-8090"]
2025-06-18 14:56:59.381 [main] INFO  [null] o.a.catalina.core.StandardService.log - Starting service [Tomcat]
2025-06-18 14:56:59.382 [main] INFO  [null] o.a.catalina.core.StandardEngine.log - Starting Servlet engine: [Apache Tomcat/10.1.41]
2025-06-18 14:56:59.456 [main] INFO  [null] o.a.c.c.C.[Tomcat].[localhost].[/].log - Initializing Spring embedded WebApplicationContext
2025-06-18 14:56:59.457 [main] INFO  [null] o.s.b.w.s.c.ServletWebServerApplicationContext.prepareWebApplicationContext - Root WebApplicationContext: initialization completed in 1640 ms
2025-06-18 14:56:59.724 [main] INFO  [null] o.h.jpa.internal.util.LogHelper.logPersistenceUnitInformation - HHH000204: Processing PersistenceUnitInfo [name: default]
2025-06-18 14:56:59.816 [main] INFO  [null] org.hibernate.Version.logVersion - HHH000412: Hibernate ORM core version 6.6.15.Final
2025-06-18 14:56:59.876 [main] INFO  [null] o.h.c.i.RegionFactoryInitiator.initiateService - HHH000026: Second-level cache disabled
2025-06-18 14:57:00.187 [main] INFO  [null] o.s.o.j.p.SpringPersistenceUnitInfo.addTransformer - No LoadTimeWeaver setup: ignoring JPA class transformer
2025-06-18 14:57:00.218 [main] INFO  [null] com.zaxxer.hikari.HikariDataSource.getConnection - HikariPool-1 - Starting...
2025-06-18 14:57:00.502 [main] INFO  [null] com.zaxxer.hikari.pool.HikariPool.checkFailFast - HikariPool-1 - Added connection org.postgresql.jdbc.PgConnection@2c7ad4f3
2025-06-18 14:57:00.504 [main] INFO  [null] com.zaxxer.hikari.HikariDataSource.getConnection - HikariPool-1 - Start completed.
2025-06-18 14:57:00.557 [main] WARN  [null] org.hibernate.orm.deprecation.constructDialect - HHH90000025: PostgreSQLDialect does not need to be specified explicitly using 'hibernate.dialect' (remove the property setting and it will be selected by default)
2025-06-18 14:57:00.579 [main] INFO  [null] o.hibernate.orm.connections.pooling.logConnectionInfo - HHH10001005: Database info:
	Database JDBC URL [Connecting through datasource 'HikariDataSource (HikariPool-1)']
	Database driver: undefined/unknown
	Database version: 17.4
	Autocommit mode: undefined/unknown
	Isolation level: undefined/unknown
	Minimum pool size: undefined/unknown
	Maximum pool size: undefined/unknown
2025-06-18 14:57:01.347 [main] INFO  [null] o.h.e.t.j.p.i.JtaPlatformInitiator.initiateService - HHH000489: No JTA platform available (set 'hibernate.transaction.jta.platform' to enable JTA platform integration)
2025-06-18 14:57:01.446 [main] INFO  [null] o.s.o.j.LocalContainerEntityManagerFactoryBean.buildNativeEntityManagerFactory - Initialized JPA EntityManagerFactory for persistence unit 'default'
2025-06-18 14:57:03.297 [main] INFO  [null] o.a.coyote.http11.Http11NioProtocol.log - Starting ProtocolHandler ["http-nio-8090"]
2025-06-18 14:57:03.329 [main] INFO  [null] o.s.b.w.e.tomcat.TomcatWebServer.start - Tomcat started on port 8090 (http) with context path '/'
2025-06-18 14:57:03.338 [main] INFO  [null] c.a.f.FileManagementApplication.logStarted - Started FileManagementApplication in 6.44 seconds (process running for 7.1)
2025-06-18 14:57:16.051 [http-nio-8090-exec-1] INFO  [null] o.a.c.c.C.[Tomcat].[localhost].[/].log - Initializing Spring DispatcherServlet 'dispatcherServlet'
2025-06-18 14:57:16.051 [http-nio-8090-exec-1] INFO  [null] o.s.web.servlet.DispatcherServlet.initServletBean - Initializing Servlet 'dispatcherServlet'
2025-06-18 14:57:16.053 [http-nio-8090-exec-1] INFO  [null] o.s.web.servlet.DispatcherServlet.initServletBean - Completed initialization in 2 ms
2025-06-18 15:23:16.011 [SpringApplicationShutdownHook] INFO  [null] o.s.b.w.e.tomcat.GracefulShutdown.shutDownGracefully - Commencing graceful shutdown. Waiting for active requests to complete
2025-06-18 15:23:16.076 [tomcat-shutdown] INFO  [null] o.s.b.w.e.tomcat.GracefulShutdown.doShutdown - Graceful shutdown complete
2025-06-18 15:23:16.119 [SpringApplicationShutdownHook] INFO  [null] o.s.o.j.LocalContainerEntityManagerFactoryBean.destroy - Closing JPA EntityManagerFactory for persistence unit 'default'
2025-06-18 15:23:16.256 [SpringApplicationShutdownHook] INFO  [null] com.zaxxer.hikari.HikariDataSource.close - HikariPool-1 - Shutdown initiated...
2025-06-18 15:23:16.284 [SpringApplicationShutdownHook] INFO  [null] com.zaxxer.hikari.HikariDataSource.close - HikariPool-1 - Shutdown completed.
2025-06-18 15:23:21.156 [main] INFO  [null] c.a.f.FileManagementApplication.logStarting - Starting FileManagementApplication using Java 21.0.6 with PID 13476 (C:\Users\10598925708\IdeaProjects\file-management-service\target\classes started by 10598925708 in C:\Users\10598925708\IdeaProjects\file-management-service)
2025-06-18 15:23:21.159 [main] INFO  [null] c.a.f.FileManagementApplication.logStartupProfileInfo - No active profile set, falling back to 1 default profile: "default"
2025-06-18 15:23:22.117 [main] INFO  [null] o.s.d.r.c.RepositoryConfigurationDelegate.registerRepositoriesIn - Bootstrapping Spring Data JPA repositories in DEFAULT mode.
2025-06-18 15:23:22.186 [main] INFO  [null] o.s.d.r.c.RepositoryConfigurationDelegate.registerRepositoriesIn - Finished Spring Data repository scanning in 59 ms. Found 1 JPA repository interface.
2025-06-18 15:23:22.789 [main] INFO  [null] o.s.b.w.e.tomcat.TomcatWebServer.initialize - Tomcat initialized with port 8090 (http)
2025-06-18 15:23:22.803 [main] INFO  [null] o.a.coyote.http11.Http11NioProtocol.log - Initializing ProtocolHandler ["http-nio-8090"]
2025-06-18 15:23:22.806 [main] INFO  [null] o.a.catalina.core.StandardService.log - Starting service [Tomcat]
2025-06-18 15:23:22.806 [main] INFO  [null] o.a.catalina.core.StandardEngine.log - Starting Servlet engine: [Apache Tomcat/10.1.41]
2025-06-18 15:23:22.867 [main] INFO  [null] o.a.c.c.C.[Tomcat].[localhost].[/].log - Initializing Spring embedded WebApplicationContext
2025-06-18 15:23:22.867 [main] INFO  [null] o.s.b.w.s.c.ServletWebServerApplicationContext.prepareWebApplicationContext - Root WebApplicationContext: initialization completed in 1637 ms
2025-06-18 15:23:23.068 [main] INFO  [null] o.h.jpa.internal.util.LogHelper.logPersistenceUnitInformation - HHH000204: Processing PersistenceUnitInfo [name: default]
2025-06-18 15:23:23.145 [main] INFO  [null] org.hibernate.Version.logVersion - HHH000412: Hibernate ORM core version 6.6.15.Final
2025-06-18 15:23:23.187 [main] INFO  [null] o.h.c.i.RegionFactoryInitiator.initiateService - HHH000026: Second-level cache disabled
2025-06-18 15:23:23.486 [main] INFO  [null] o.s.o.j.p.SpringPersistenceUnitInfo.addTransformer - No LoadTimeWeaver setup: ignoring JPA class transformer
2025-06-18 15:23:23.518 [main] INFO  [null] com.zaxxer.hikari.HikariDataSource.getConnection - HikariPool-1 - Starting...
2025-06-18 15:23:23.812 [main] INFO  [null] com.zaxxer.hikari.pool.HikariPool.checkFailFast - HikariPool-1 - Added connection org.postgresql.jdbc.PgConnection@3dbb3fb7
2025-06-18 15:23:23.815 [main] INFO  [null] com.zaxxer.hikari.HikariDataSource.getConnection - HikariPool-1 - Start completed.
2025-06-18 15:23:23.875 [main] WARN  [null] org.hibernate.orm.deprecation.constructDialect - HHH90000025: PostgreSQLDialect does not need to be specified explicitly using 'hibernate.dialect' (remove the property setting and it will be selected by default)
2025-06-18 15:23:23.902 [main] INFO  [null] o.hibernate.orm.connections.pooling.logConnectionInfo - HHH10001005: Database info:
	Database JDBC URL [Connecting through datasource 'HikariDataSource (HikariPool-1)']
	Database driver: undefined/unknown
	Database version: 17.4
	Autocommit mode: undefined/unknown
	Isolation level: undefined/unknown
	Minimum pool size: undefined/unknown
	Maximum pool size: undefined/unknown
2025-06-18 15:23:24.600 [main] INFO  [null] o.h.e.t.j.p.i.JtaPlatformInitiator.initiateService - HHH000489: No JTA platform available (set 'hibernate.transaction.jta.platform' to enable JTA platform integration)
2025-06-18 15:23:24.706 [main] INFO  [null] o.s.o.j.LocalContainerEntityManagerFactoryBean.buildNativeEntityManagerFactory - Initialized JPA EntityManagerFactory for persistence unit 'default'
2025-06-18 15:23:25.514 [main] INFO  [null] o.a.coyote.http11.Http11NioProtocol.log - Starting ProtocolHandler ["http-nio-8090"]
2025-06-18 15:23:25.542 [main] INFO  [null] o.s.b.w.e.tomcat.TomcatWebServer.start - Tomcat started on port 8090 (http) with context path '/'
2025-06-18 15:23:25.550 [main] INFO  [null] c.a.f.FileManagementApplication.logStarted - Started FileManagementApplication in 5.044 seconds (process running for 5.572)
2025-06-18 15:23:32.813 [http-nio-8090-exec-1] INFO  [null] o.a.c.c.C.[Tomcat].[localhost].[/].log - Initializing Spring DispatcherServlet 'dispatcherServlet'
2025-06-18 15:23:32.814 [http-nio-8090-exec-1] INFO  [null] o.s.web.servlet.DispatcherServlet.initServletBean - Initializing Servlet 'dispatcherServlet'
2025-06-18 15:23:32.816 [http-nio-8090-exec-1] INFO  [null] o.s.web.servlet.DispatcherServlet.initServletBean - Completed initialization in 1 ms
2025-06-18 15:29:06.431 [SpringApplicationShutdownHook] INFO  [null] o.s.b.w.e.tomcat.GracefulShutdown.shutDownGracefully - Commencing graceful shutdown. Waiting for active requests to complete
2025-06-18 15:29:06.473 [tomcat-shutdown] INFO  [null] o.s.b.w.e.tomcat.GracefulShutdown.doShutdown - Graceful shutdown complete
2025-06-18 15:29:06.494 [SpringApplicationShutdownHook] INFO  [null] o.s.o.j.LocalContainerEntityManagerFactoryBean.destroy - Closing JPA EntityManagerFactory for persistence unit 'default'
2025-06-18 15:29:06.576 [SpringApplicationShutdownHook] INFO  [null] com.zaxxer.hikari.HikariDataSource.close - HikariPool-1 - Shutdown initiated...
2025-06-18 15:29:06.589 [SpringApplicationShutdownHook] INFO  [null] com.zaxxer.hikari.HikariDataSource.close - HikariPool-1 - Shutdown completed.
2025-06-18 15:29:11.828 [main] INFO  [null] c.a.f.FileManagementApplication.logStarting - Starting FileManagementApplication using Java 21.0.6 with PID 26764 (C:\Users\10598925708\IdeaProjects\file-management-service\target\classes started by 10598925708 in C:\Users\10598925708\IdeaProjects\file-management-service)
2025-06-18 15:29:11.833 [main] INFO  [null] c.a.f.FileManagementApplication.logStartupProfileInfo - No active profile set, falling back to 1 default profile: "default"
2025-06-18 15:29:12.701 [main] INFO  [null] o.s.d.r.c.RepositoryConfigurationDelegate.registerRepositoriesIn - Bootstrapping Spring Data JPA repositories in DEFAULT mode.
2025-06-18 15:29:12.771 [main] INFO  [null] o.s.d.r.c.RepositoryConfigurationDelegate.registerRepositoriesIn - Finished Spring Data repository scanning in 59 ms. Found 1 JPA repository interface.
2025-06-18 15:29:13.399 [main] INFO  [null] o.s.b.w.e.tomcat.TomcatWebServer.initialize - Tomcat initialized with port 8090 (http)
2025-06-18 15:29:13.409 [main] INFO  [null] o.a.coyote.http11.Http11NioProtocol.log - Initializing ProtocolHandler ["http-nio-8090"]
2025-06-18 15:29:13.411 [main] INFO  [null] o.a.catalina.core.StandardService.log - Starting service [Tomcat]
2025-06-18 15:29:13.411 [main] INFO  [null] o.a.catalina.core.StandardEngine.log - Starting Servlet engine: [Apache Tomcat/10.1.41]
2025-06-18 15:29:13.458 [main] INFO  [null] o.a.c.c.C.[Tomcat].[localhost].[/].log - Initializing Spring embedded WebApplicationContext
2025-06-18 15:29:13.459 [main] INFO  [null] o.s.b.w.s.c.ServletWebServerApplicationContext.prepareWebApplicationContext - Root WebApplicationContext: initialization completed in 1549 ms
2025-06-18 15:29:13.629 [main] INFO  [null] o.h.jpa.internal.util.LogHelper.logPersistenceUnitInformation - HHH000204: Processing PersistenceUnitInfo [name: default]
2025-06-18 15:29:13.692 [main] INFO  [null] org.hibernate.Version.logVersion - HHH000412: Hibernate ORM core version 6.6.15.Final
2025-06-18 15:29:13.724 [main] INFO  [null] o.h.c.i.RegionFactoryInitiator.initiateService - HHH000026: Second-level cache disabled
2025-06-18 15:29:14.010 [main] INFO  [null] o.s.o.j.p.SpringPersistenceUnitInfo.addTransformer - No LoadTimeWeaver setup: ignoring JPA class transformer
2025-06-18 15:29:14.040 [main] INFO  [null] com.zaxxer.hikari.HikariDataSource.getConnection - HikariPool-1 - Starting...
2025-06-18 15:29:14.306 [main] INFO  [null] com.zaxxer.hikari.pool.HikariPool.checkFailFast - HikariPool-1 - Added connection org.postgresql.jdbc.PgConnection@698f4aa
2025-06-18 15:29:14.307 [main] INFO  [null] com.zaxxer.hikari.HikariDataSource.getConnection - HikariPool-1 - Start completed.
2025-06-18 15:29:14.355 [main] WARN  [null] org.hibernate.orm.deprecation.constructDialect - HHH90000025: PostgreSQLDialect does not need to be specified explicitly using 'hibernate.dialect' (remove the property setting and it will be selected by default)
2025-06-18 15:29:14.373 [main] INFO  [null] o.hibernate.orm.connections.pooling.logConnectionInfo - HHH10001005: Database info:
	Database JDBC URL [Connecting through datasource 'HikariDataSource (HikariPool-1)']
	Database driver: undefined/unknown
	Database version: 17.4
	Autocommit mode: undefined/unknown
	Isolation level: undefined/unknown
	Minimum pool size: undefined/unknown
	Maximum pool size: undefined/unknown
2025-06-18 15:29:15.327 [main] INFO  [null] o.h.e.t.j.p.i.JtaPlatformInitiator.initiateService - HHH000489: No JTA platform available (set 'hibernate.transaction.jta.platform' to enable JTA platform integration)
2025-06-18 15:29:15.599 [main] INFO  [null] o.s.o.j.LocalContainerEntityManagerFactoryBean.buildNativeEntityManagerFactory - Initialized JPA EntityManagerFactory for persistence unit 'default'
2025-06-18 15:29:16.289 [main] INFO  [null] o.a.coyote.http11.Http11NioProtocol.log - Starting ProtocolHandler ["http-nio-8090"]
2025-06-18 15:29:16.309 [main] INFO  [null] o.s.b.w.e.tomcat.TomcatWebServer.start - Tomcat started on port 8090 (http) with context path '/'
2025-06-18 15:29:16.315 [main] INFO  [null] c.a.f.FileManagementApplication.logStarted - Started FileManagementApplication in 5.11 seconds (process running for 5.621)
2025-06-18 15:30:01.574 [http-nio-8090-exec-1] INFO  [null] o.a.c.c.C.[Tomcat].[localhost].[/].log - Initializing Spring DispatcherServlet 'dispatcherServlet'
2025-06-18 15:30:01.575 [http-nio-8090-exec-1] INFO  [null] o.s.web.servlet.DispatcherServlet.initServletBean - Initializing Servlet 'dispatcherServlet'
2025-06-18 15:30:01.578 [http-nio-8090-exec-1] INFO  [null] o.s.web.servlet.DispatcherServlet.initServletBean - Completed initialization in 3 ms
2025-06-18 18:23:58.422 [HikariPool-1:housekeeper] WARN  [null] com.zaxxer.hikari.pool.PoolBase.isConnectionDead - HikariPool-1 - Failed to validate connection org.postgresql.jdbc.PgConnection@49d083a6 (This connection has been closed.). Possibly consider using a shorter maxLifetime value.
