2025-06-21 12:20:05.400 [SpringApplicationShutdownHook] INFO  [null] o.s.b.w.e.tomcat.GracefulShutdown.shutDownGracefully - Commencing graceful shutdown. Waiting for active requests to complete
2025-06-21 12:20:05.497 [tomcat-shutdown] INFO  [null] o.s.b.w.e.tomcat.GracefulShutdown.doShutdown - Graceful shutdown complete
2025-06-21 12:20:05.527 [SpringApplicationShutdownHook] INFO  [null] o.s.o.j.LocalContainerEntityManagerFactoryBean.destroy - Closing JPA EntityManagerFactory for persistence unit 'default'
2025-06-21 12:20:05.670 [SpringApplicationShutdownHook] INFO  [null] com.zaxxer.hikari.HikariDataSource.close - HikariPool-1 - Shutdown initiated...
2025-06-21 12:20:05.685 [SpringApplicationShutdownHook] INFO  [null] com.zaxxer.hikari.HikariDataSource.close - HikariPool-1 - Shutdown completed.
2025-06-21 13:13:59.604 [main] INFO  [null] c.a.f.FileManagementApplication.logStarting - Starting FileManagementApplication using Java 21.0.6 with PID 27624 (C:\Users\10598925708\IdeaProjects\file-management-service\target\classes started by 10598925708 in C:\Users\10598925708\IdeaProjects\file-management-service)
2025-06-21 13:13:59.608 [main] INFO  [null] c.a.f.FileManagementApplication.logStartupProfileInfo - No active profile set, falling back to 1 default profile: "default"
2025-06-21 13:14:00.314 [main] INFO  [null] o.s.d.r.c.RepositoryConfigurationDelegate.registerRepositoriesIn - Bootstrapping Spring Data JPA repositories in DEFAULT mode.
2025-06-21 13:14:00.384 [main] INFO  [null] o.s.d.r.c.RepositoryConfigurationDelegate.registerRepositoriesIn - Finished Spring Data repository scanning in 56 ms. Found 1 JPA repository interface.
2025-06-21 13:14:01.116 [main] INFO  [null] o.s.b.w.e.tomcat.TomcatWebServer.initialize - Tomcat initialized with port 8090 (http)
2025-06-21 13:14:01.130 [main] INFO  [null] o.a.coyote.http11.Http11NioProtocol.log - Initializing ProtocolHandler ["http-nio-8090"]
2025-06-21 13:14:01.134 [main] INFO  [null] o.a.catalina.core.StandardService.log - Starting service [Tomcat]
2025-06-21 13:14:01.135 [main] INFO  [null] o.a.catalina.core.StandardEngine.log - Starting Servlet engine: [Apache Tomcat/10.1.41]
2025-06-21 13:14:01.199 [main] INFO  [null] o.a.c.c.C.[Tomcat].[localhost].[/].log - Initializing Spring embedded WebApplicationContext
2025-06-21 13:14:01.201 [main] INFO  [null] o.s.b.w.s.c.ServletWebServerApplicationContext.prepareWebApplicationContext - Root WebApplicationContext: initialization completed in 1528 ms
2025-06-21 13:14:01.488 [main] INFO  [null] o.h.jpa.internal.util.LogHelper.logPersistenceUnitInformation - HHH000204: Processing PersistenceUnitInfo [name: default]
2025-06-21 13:14:01.562 [main] INFO  [null] org.hibernate.Version.logVersion - HHH000412: Hibernate ORM core version 6.6.15.Final
2025-06-21 13:14:01.596 [main] INFO  [null] o.h.c.i.RegionFactoryInitiator.initiateService - HHH000026: Second-level cache disabled
2025-06-21 13:14:01.861 [main] INFO  [null] o.s.o.j.p.SpringPersistenceUnitInfo.addTransformer - No LoadTimeWeaver setup: ignoring JPA class transformer
2025-06-21 13:14:01.890 [main] INFO  [null] com.zaxxer.hikari.HikariDataSource.getConnection - HikariPool-1 - Starting...
2025-06-21 13:14:02.169 [main] INFO  [null] com.zaxxer.hikari.pool.HikariPool.checkFailFast - HikariPool-1 - Added connection org.postgresql.jdbc.PgConnection@3dda8a2e
2025-06-21 13:14:02.170 [main] INFO  [null] com.zaxxer.hikari.HikariDataSource.getConnection - HikariPool-1 - Start completed.
2025-06-21 13:14:02.219 [main] WARN  [null] org.hibernate.orm.deprecation.constructDialect - HHH90000025: PostgreSQLDialect does not need to be specified explicitly using 'hibernate.dialect' (remove the property setting and it will be selected by default)
2025-06-21 13:14:02.235 [main] INFO  [null] o.hibernate.orm.connections.pooling.logConnectionInfo - HHH10001005: Database info:
	Database JDBC URL [Connecting through datasource 'HikariDataSource (HikariPool-1)']
	Database driver: undefined/unknown
	Database version: 17.4
	Autocommit mode: undefined/unknown
	Isolation level: undefined/unknown
	Minimum pool size: undefined/unknown
	Maximum pool size: undefined/unknown
2025-06-21 13:14:02.941 [main] INFO  [null] o.h.e.t.j.p.i.JtaPlatformInitiator.initiateService - HHH000489: No JTA platform available (set 'hibernate.transaction.jta.platform' to enable JTA platform integration)
2025-06-21 13:14:03.058 [main] INFO  [null] o.s.o.j.LocalContainerEntityManagerFactoryBean.buildNativeEntityManagerFactory - Initialized JPA EntityManagerFactory for persistence unit 'default'
2025-06-21 13:14:03.784 [main] INFO  [null] o.a.coyote.http11.Http11NioProtocol.log - Starting ProtocolHandler ["http-nio-8090"]
2025-06-21 13:14:03.803 [main] INFO  [null] o.s.b.w.e.tomcat.TomcatWebServer.start - Tomcat started on port 8090 (http) with context path '/'
2025-06-21 13:14:03.810 [main] INFO  [null] c.a.f.FileManagementApplication.logStarted - Started FileManagementApplication in 4.808 seconds (process running for 5.321)
2025-06-21 13:14:14.746 [http-nio-8090-exec-1] INFO  [null] o.a.c.c.C.[Tomcat].[localhost].[/].log - Initializing Spring DispatcherServlet 'dispatcherServlet'
2025-06-21 13:14:14.748 [http-nio-8090-exec-1] INFO  [null] o.s.web.servlet.DispatcherServlet.initServletBean - Initializing Servlet 'dispatcherServlet'
2025-06-21 13:14:14.749 [http-nio-8090-exec-1] INFO  [null] o.s.web.servlet.DispatcherServlet.initServletBean - Completed initialization in 1 ms
2025-06-21 13:53:42.206 [SpringApplicationShutdownHook] INFO  [null] o.s.b.w.e.tomcat.GracefulShutdown.shutDownGracefully - Commencing graceful shutdown. Waiting for active requests to complete
2025-06-21 13:53:42.297 [tomcat-shutdown] INFO  [null] o.s.b.w.e.tomcat.GracefulShutdown.doShutdown - Graceful shutdown complete
2025-06-21 13:53:42.344 [SpringApplicationShutdownHook] INFO  [null] o.s.o.j.LocalContainerEntityManagerFactoryBean.destroy - Closing JPA EntityManagerFactory for persistence unit 'default'
2025-06-21 13:53:42.517 [SpringApplicationShutdownHook] INFO  [null] com.zaxxer.hikari.HikariDataSource.close - HikariPool-1 - Shutdown initiated...
2025-06-21 13:53:42.553 [SpringApplicationShutdownHook] INFO  [null] com.zaxxer.hikari.HikariDataSource.close - HikariPool-1 - Shutdown completed.
2025-06-21 13:53:47.599 [main] INFO  [null] c.a.f.FileManagementApplication.logStarting - Starting FileManagementApplication using Java 21.0.6 with PID 9628 (C:\Users\10598925708\IdeaProjects\file-management-service\target\classes started by 10598925708 in C:\Users\10598925708\IdeaProjects\file-management-service)
2025-06-21 13:53:47.599 [main] INFO  [null] c.a.f.FileManagementApplication.logStartupProfileInfo - No active profile set, falling back to 1 default profile: "default"
2025-06-21 13:53:48.421 [main] INFO  [null] o.s.d.r.c.RepositoryConfigurationDelegate.registerRepositoriesIn - Bootstrapping Spring Data JPA repositories in DEFAULT mode.
2025-06-21 13:53:48.487 [main] INFO  [null] o.s.d.r.c.RepositoryConfigurationDelegate.registerRepositoriesIn - Finished Spring Data repository scanning in 55 ms. Found 1 JPA repository interface.
2025-06-21 13:53:49.088 [main] INFO  [null] o.s.b.w.e.tomcat.TomcatWebServer.initialize - Tomcat initialized with port 8090 (http)
2025-06-21 13:53:49.103 [main] INFO  [null] o.a.coyote.http11.Http11NioProtocol.log - Initializing ProtocolHandler ["http-nio-8090"]
2025-06-21 13:53:49.105 [main] INFO  [null] o.a.catalina.core.StandardService.log - Starting service [Tomcat]
2025-06-21 13:53:49.109 [main] INFO  [null] o.a.catalina.core.StandardEngine.log - Starting Servlet engine: [Apache Tomcat/10.1.41]
2025-06-21 13:53:49.172 [main] INFO  [null] o.a.c.c.C.[Tomcat].[localhost].[/].log - Initializing Spring embedded WebApplicationContext
2025-06-21 13:53:49.172 [main] INFO  [null] o.s.b.w.s.c.ServletWebServerApplicationContext.prepareWebApplicationContext - Root WebApplicationContext: initialization completed in 1500 ms
2025-06-21 13:53:49.362 [main] INFO  [null] o.h.jpa.internal.util.LogHelper.logPersistenceUnitInformation - HHH000204: Processing PersistenceUnitInfo [name: default]
2025-06-21 13:53:49.432 [main] INFO  [null] org.hibernate.Version.logVersion - HHH000412: Hibernate ORM core version 6.6.15.Final
2025-06-21 13:53:49.460 [main] INFO  [null] o.h.c.i.RegionFactoryInitiator.initiateService - HHH000026: Second-level cache disabled
2025-06-21 13:53:49.710 [main] INFO  [null] o.s.o.j.p.SpringPersistenceUnitInfo.addTransformer - No LoadTimeWeaver setup: ignoring JPA class transformer
2025-06-21 13:53:49.727 [main] INFO  [null] com.zaxxer.hikari.HikariDataSource.getConnection - HikariPool-1 - Starting...
2025-06-21 13:53:50.010 [main] INFO  [null] com.zaxxer.hikari.pool.HikariPool.checkFailFast - HikariPool-1 - Added connection org.postgresql.jdbc.PgConnection@3f0c6b3c
2025-06-21 13:53:50.010 [main] INFO  [null] com.zaxxer.hikari.HikariDataSource.getConnection - HikariPool-1 - Start completed.
2025-06-21 13:53:50.057 [main] WARN  [null] org.hibernate.orm.deprecation.constructDialect - HHH90000025: PostgreSQLDialect does not need to be specified explicitly using 'hibernate.dialect' (remove the property setting and it will be selected by default)
2025-06-21 13:53:50.089 [main] INFO  [null] o.hibernate.orm.connections.pooling.logConnectionInfo - HHH10001005: Database info:
	Database JDBC URL [Connecting through datasource 'HikariDataSource (HikariPool-1)']
	Database driver: undefined/unknown
	Database version: 17.4
	Autocommit mode: undefined/unknown
	Isolation level: undefined/unknown
	Minimum pool size: undefined/unknown
	Maximum pool size: undefined/unknown
2025-06-21 13:53:50.767 [main] INFO  [null] o.h.e.t.j.p.i.JtaPlatformInitiator.initiateService - HHH000489: No JTA platform available (set 'hibernate.transaction.jta.platform' to enable JTA platform integration)
2025-06-21 13:53:50.844 [main] INFO  [null] o.s.o.j.LocalContainerEntityManagerFactoryBean.buildNativeEntityManagerFactory - Initialized JPA EntityManagerFactory for persistence unit 'default'
2025-06-21 13:53:51.669 [main] INFO  [null] o.a.coyote.http11.Http11NioProtocol.log - Starting ProtocolHandler ["http-nio-8090"]
2025-06-21 13:53:51.691 [main] INFO  [null] o.s.b.w.e.tomcat.TomcatWebServer.start - Tomcat started on port 8090 (http) with context path '/'
2025-06-21 13:53:51.691 [main] INFO  [null] c.a.f.FileManagementApplication.logStarted - Started FileManagementApplication in 4.695 seconds (process running for 5.176)
2025-06-21 13:53:58.989 [http-nio-8090-exec-1] INFO  [null] o.a.c.c.C.[Tomcat].[localhost].[/].log - Initializing Spring DispatcherServlet 'dispatcherServlet'
2025-06-21 13:53:58.989 [http-nio-8090-exec-1] INFO  [null] o.s.web.servlet.DispatcherServlet.initServletBean - Initializing Servlet 'dispatcherServlet'
2025-06-21 13:53:58.989 [http-nio-8090-exec-1] INFO  [null] o.s.web.servlet.DispatcherServlet.initServletBean - Completed initialization in 0 ms
2025-06-21 13:56:32.350 [SpringApplicationShutdownHook] INFO  [null] o.s.b.w.e.tomcat.GracefulShutdown.shutDownGracefully - Commencing graceful shutdown. Waiting for active requests to complete
2025-06-21 13:56:32.366 [tomcat-shutdown] INFO  [null] o.s.b.w.e.tomcat.GracefulShutdown.doShutdown - Graceful shutdown complete
2025-06-21 13:56:32.373 [SpringApplicationShutdownHook] INFO  [null] o.s.o.j.LocalContainerEntityManagerFactoryBean.destroy - Closing JPA EntityManagerFactory for persistence unit 'default'
2025-06-21 13:56:32.413 [SpringApplicationShutdownHook] INFO  [null] com.zaxxer.hikari.HikariDataSource.close - HikariPool-1 - Shutdown initiated...
2025-06-21 13:56:32.423 [SpringApplicationShutdownHook] INFO  [null] com.zaxxer.hikari.HikariDataSource.close - HikariPool-1 - Shutdown completed.
2025-06-21 13:56:35.312 [main] INFO  [null] c.a.f.FileManagementApplication.logStarting - Starting FileManagementApplication using Java 21.0.6 with PID 19880 (C:\Users\10598925708\IdeaProjects\file-management-service\target\classes started by 10598925708 in C:\Users\10598925708\IdeaProjects\file-management-service)
2025-06-21 13:56:35.312 [main] INFO  [null] c.a.f.FileManagementApplication.logStartupProfileInfo - No active profile set, falling back to 1 default profile: "default"
2025-06-21 13:56:36.093 [main] INFO  [null] o.s.d.r.c.RepositoryConfigurationDelegate.registerRepositoriesIn - Bootstrapping Spring Data JPA repositories in DEFAULT mode.
2025-06-21 13:56:36.161 [main] INFO  [null] o.s.d.r.c.RepositoryConfigurationDelegate.registerRepositoriesIn - Finished Spring Data repository scanning in 56 ms. Found 1 JPA repository interface.
2025-06-21 13:56:36.862 [main] INFO  [null] o.s.b.w.e.tomcat.TomcatWebServer.initialize - Tomcat initialized with port 8090 (http)
2025-06-21 13:56:36.882 [main] INFO  [null] o.a.coyote.http11.Http11NioProtocol.log - Initializing ProtocolHandler ["http-nio-8090"]
2025-06-21 13:56:36.882 [main] INFO  [null] o.a.catalina.core.StandardService.log - Starting service [Tomcat]
2025-06-21 13:56:36.882 [main] INFO  [null] o.a.catalina.core.StandardEngine.log - Starting Servlet engine: [Apache Tomcat/10.1.41]
2025-06-21 13:56:36.930 [main] INFO  [null] o.a.c.c.C.[Tomcat].[localhost].[/].log - Initializing Spring embedded WebApplicationContext
2025-06-21 13:56:36.945 [main] INFO  [null] o.s.b.w.s.c.ServletWebServerApplicationContext.prepareWebApplicationContext - Root WebApplicationContext: initialization completed in 1519 ms
2025-06-21 13:56:37.153 [main] INFO  [null] o.h.jpa.internal.util.LogHelper.logPersistenceUnitInformation - HHH000204: Processing PersistenceUnitInfo [name: default]
2025-06-21 13:56:37.231 [main] INFO  [null] org.hibernate.Version.logVersion - HHH000412: Hibernate ORM core version 6.6.15.Final
2025-06-21 13:56:37.262 [main] INFO  [null] o.h.c.i.RegionFactoryInitiator.initiateService - HHH000026: Second-level cache disabled
2025-06-21 13:56:37.533 [main] INFO  [null] o.s.o.j.p.SpringPersistenceUnitInfo.addTransformer - No LoadTimeWeaver setup: ignoring JPA class transformer
2025-06-21 13:56:37.560 [main] INFO  [null] com.zaxxer.hikari.HikariDataSource.getConnection - HikariPool-1 - Starting...
2025-06-21 13:56:37.828 [main] INFO  [null] com.zaxxer.hikari.pool.HikariPool.checkFailFast - HikariPool-1 - Added connection org.postgresql.jdbc.PgConnection@3f0c6b3c
2025-06-21 13:56:37.829 [main] INFO  [null] com.zaxxer.hikari.HikariDataSource.getConnection - HikariPool-1 - Start completed.
2025-06-21 13:56:37.864 [main] WARN  [null] org.hibernate.orm.deprecation.constructDialect - HHH90000025: PostgreSQLDialect does not need to be specified explicitly using 'hibernate.dialect' (remove the property setting and it will be selected by default)
2025-06-21 13:56:37.880 [main] INFO  [null] o.hibernate.orm.connections.pooling.logConnectionInfo - HHH10001005: Database info:
	Database JDBC URL [Connecting through datasource 'HikariDataSource (HikariPool-1)']
	Database driver: undefined/unknown
	Database version: 17.4
	Autocommit mode: undefined/unknown
	Isolation level: undefined/unknown
	Minimum pool size: undefined/unknown
	Maximum pool size: undefined/unknown
2025-06-21 13:56:38.560 [main] INFO  [null] o.h.e.t.j.p.i.JtaPlatformInitiator.initiateService - HHH000489: No JTA platform available (set 'hibernate.transaction.jta.platform' to enable JTA platform integration)
2025-06-21 13:56:38.637 [main] INFO  [null] o.s.o.j.LocalContainerEntityManagerFactoryBean.buildNativeEntityManagerFactory - Initialized JPA EntityManagerFactory for persistence unit 'default'
2025-06-21 13:56:39.465 [main] INFO  [null] o.a.coyote.http11.Http11NioProtocol.log - Starting ProtocolHandler ["http-nio-8090"]
2025-06-21 13:56:39.493 [main] INFO  [null] o.s.b.w.e.tomcat.TomcatWebServer.start - Tomcat started on port 8090 (http) with context path '/'
2025-06-21 13:56:39.495 [main] INFO  [null] c.a.f.FileManagementApplication.logStarted - Started FileManagementApplication in 4.915 seconds (process running for 5.514)
2025-06-21 13:57:00.883 [http-nio-8090-exec-1] INFO  [null] o.a.c.c.C.[Tomcat].[localhost].[/].log - Initializing Spring DispatcherServlet 'dispatcherServlet'
2025-06-21 13:57:00.883 [http-nio-8090-exec-1] INFO  [null] o.s.web.servlet.DispatcherServlet.initServletBean - Initializing Servlet 'dispatcherServlet'
2025-06-21 13:57:00.883 [http-nio-8090-exec-1] INFO  [null] o.s.web.servlet.DispatcherServlet.initServletBean - Completed initialization in 0 ms
2025-06-21 13:58:32.102 [SpringApplicationShutdownHook] INFO  [null] o.s.b.w.e.tomcat.GracefulShutdown.shutDownGracefully - Commencing graceful shutdown. Waiting for active requests to complete
2025-06-21 13:58:32.144 [tomcat-shutdown] INFO  [null] o.s.b.w.e.tomcat.GracefulShutdown.doShutdown - Graceful shutdown complete
2025-06-21 13:58:32.186 [SpringApplicationShutdownHook] INFO  [null] o.s.o.j.LocalContainerEntityManagerFactoryBean.destroy - Closing JPA EntityManagerFactory for persistence unit 'default'
2025-06-21 13:58:32.282 [SpringApplicationShutdownHook] INFO  [null] com.zaxxer.hikari.HikariDataSource.close - HikariPool-1 - Shutdown initiated...
2025-06-21 13:58:32.316 [SpringApplicationShutdownHook] INFO  [null] com.zaxxer.hikari.HikariDataSource.close - HikariPool-1 - Shutdown completed.
2025-06-21 13:58:35.323 [main] INFO  [null] c.a.f.FileManagementApplication.logStarting - Starting FileManagementApplication using Java 21.0.6 with PID 27492 (C:\Users\10598925708\IdeaProjects\file-management-service\target\classes started by 10598925708 in C:\Users\10598925708\IdeaProjects\file-management-service)
2025-06-21 13:58:35.323 [main] INFO  [null] c.a.f.FileManagementApplication.logStartupProfileInfo - No active profile set, falling back to 1 default profile: "default"
2025-06-21 13:58:36.174 [main] INFO  [null] o.s.d.r.c.RepositoryConfigurationDelegate.registerRepositoriesIn - Bootstrapping Spring Data JPA repositories in DEFAULT mode.
2025-06-21 13:58:36.237 [main] INFO  [null] o.s.d.r.c.RepositoryConfigurationDelegate.registerRepositoriesIn - Finished Spring Data repository scanning in 55 ms. Found 1 JPA repository interface.
2025-06-21 13:58:36.806 [main] INFO  [null] o.s.b.w.e.tomcat.TomcatWebServer.initialize - Tomcat initialized with port 8090 (http)
2025-06-21 13:58:36.822 [main] INFO  [null] o.a.coyote.http11.Http11NioProtocol.log - Initializing ProtocolHandler ["http-nio-8090"]
2025-06-21 13:58:36.822 [main] INFO  [null] o.a.catalina.core.StandardService.log - Starting service [Tomcat]
2025-06-21 13:58:36.822 [main] INFO  [null] o.a.catalina.core.StandardEngine.log - Starting Servlet engine: [Apache Tomcat/10.1.41]
2025-06-21 13:58:36.869 [main] INFO  [null] o.a.c.c.C.[Tomcat].[localhost].[/].log - Initializing Spring embedded WebApplicationContext
2025-06-21 13:58:36.869 [main] INFO  [null] o.s.b.w.s.c.ServletWebServerApplicationContext.prepareWebApplicationContext - Root WebApplicationContext: initialization completed in 1472 ms
2025-06-21 13:58:37.073 [main] INFO  [null] o.h.jpa.internal.util.LogHelper.logPersistenceUnitInformation - HHH000204: Processing PersistenceUnitInfo [name: default]
2025-06-21 13:58:37.144 [main] INFO  [null] org.hibernate.Version.logVersion - HHH000412: Hibernate ORM core version 6.6.15.Final
2025-06-21 13:58:37.177 [main] INFO  [null] o.h.c.i.RegionFactoryInitiator.initiateService - HHH000026: Second-level cache disabled
2025-06-21 13:58:37.446 [main] INFO  [null] o.s.o.j.p.SpringPersistenceUnitInfo.addTransformer - No LoadTimeWeaver setup: ignoring JPA class transformer
2025-06-21 13:58:37.474 [main] INFO  [null] com.zaxxer.hikari.HikariDataSource.getConnection - HikariPool-1 - Starting...
2025-06-21 13:58:37.743 [main] INFO  [null] com.zaxxer.hikari.pool.HikariPool.checkFailFast - HikariPool-1 - Added connection org.postgresql.jdbc.PgConnection@3f0c6b3c
2025-06-21 13:58:37.743 [main] INFO  [null] com.zaxxer.hikari.HikariDataSource.getConnection - HikariPool-1 - Start completed.
2025-06-21 13:58:37.790 [main] WARN  [null] org.hibernate.orm.deprecation.constructDialect - HHH90000025: PostgreSQLDialect does not need to be specified explicitly using 'hibernate.dialect' (remove the property setting and it will be selected by default)
2025-06-21 13:58:37.806 [main] INFO  [null] o.hibernate.orm.connections.pooling.logConnectionInfo - HHH10001005: Database info:
	Database JDBC URL [Connecting through datasource 'HikariDataSource (HikariPool-1)']
	Database driver: undefined/unknown
	Database version: 17.4
	Autocommit mode: undefined/unknown
	Isolation level: undefined/unknown
	Minimum pool size: undefined/unknown
	Maximum pool size: undefined/unknown
2025-06-21 13:58:38.427 [main] INFO  [null] o.h.e.t.j.p.i.JtaPlatformInitiator.initiateService - HHH000489: No JTA platform available (set 'hibernate.transaction.jta.platform' to enable JTA platform integration)
2025-06-21 13:58:38.513 [main] INFO  [null] o.s.o.j.LocalContainerEntityManagerFactoryBean.buildNativeEntityManagerFactory - Initialized JPA EntityManagerFactory for persistence unit 'default'
2025-06-21 13:58:39.137 [main] INFO  [null] o.a.coyote.http11.Http11NioProtocol.log - Starting ProtocolHandler ["http-nio-8090"]
2025-06-21 13:58:39.162 [main] INFO  [null] o.s.b.w.e.tomcat.TomcatWebServer.start - Tomcat started on port 8090 (http) with context path '/'
2025-06-21 13:58:39.166 [main] INFO  [null] c.a.f.FileManagementApplication.logStarted - Started FileManagementApplication in 4.553 seconds (process running for 5.168)
2025-06-21 13:58:46.031 [http-nio-8090-exec-1] INFO  [null] o.a.c.c.C.[Tomcat].[localhost].[/].log - Initializing Spring DispatcherServlet 'dispatcherServlet'
2025-06-21 13:58:46.031 [http-nio-8090-exec-1] INFO  [null] o.s.web.servlet.DispatcherServlet.initServletBean - Initializing Servlet 'dispatcherServlet'
2025-06-21 13:58:46.031 [http-nio-8090-exec-1] INFO  [null] o.s.web.servlet.DispatcherServlet.initServletBean - Completed initialization in 0 ms
2025-06-21 14:01:42.854 [SpringApplicationShutdownHook] INFO  [null] o.s.b.w.e.tomcat.GracefulShutdown.shutDownGracefully - Commencing graceful shutdown. Waiting for active requests to complete
2025-06-21 14:01:42.916 [tomcat-shutdown] INFO  [null] o.s.b.w.e.tomcat.GracefulShutdown.doShutdown - Graceful shutdown complete
2025-06-21 14:01:42.949 [SpringApplicationShutdownHook] INFO  [null] o.s.o.j.LocalContainerEntityManagerFactoryBean.destroy - Closing JPA EntityManagerFactory for persistence unit 'default'
2025-06-21 14:01:43.038 [SpringApplicationShutdownHook] INFO  [null] com.zaxxer.hikari.HikariDataSource.close - HikariPool-1 - Shutdown initiated...
2025-06-21 14:01:43.064 [SpringApplicationShutdownHook] INFO  [null] com.zaxxer.hikari.HikariDataSource.close - HikariPool-1 - Shutdown completed.
